TN:
SF:/Users/alexwaldmann/Desktop/AIO Server/src/emulator/gba/APU.cpp
FNL:0,107,144
FNA:0,23,_ZN3AIO8Emulator3GBA3APU18GeneratePSGSamplesEii
FNL:1,11,14
FNA:1,22,_ZN3AIO8Emulator3GBA12_GLOBAL__N_112TraceGbaSpamEv
FNL:2,146,148
FNA:2,3,_ZN3AIO8Emulator3GBA3APU13SetPSGWaveRAMERKNSt3__15arrayIhLm32EEE
FNL:3,150,157
FNA:3,6,_ZN3AIO8Emulator3GBA3APU16SetPSGWaveParamsEii
FNL:4,159,167
FNA:4,7,_ZN3AIO8Emulator3GBA3APU17SetPSGNoiseParamsEibi
FNL:5,169,291
FNA:5,23,_ZN3AIO8Emulator3GBA3APU15OnTimerOverflowEi
FNL:6,17,17
FNA:6,36,_ZN3AIO8Emulator3GBA3APUC1ERNS1_9GBAMemoryE
FNA:6,36,_ZN3AIO8Emulator3GBA3APUC2ERNS1_9GBAMemoryE
FNL:7,19,19
FNA:7,36,_ZN3AIO8Emulator3GBA3APUD1Ev
FNA:7,36,_ZN3AIO8Emulator3GBA3APUD2Ev
FNL:8,21,48
FNA:8,72,_ZN3AIO8Emulator3GBA3APU5ResetEv
FNL:9,293,302
FNA:9,38,_ZN3AIO8Emulator3GBA3APU11WriteFIFO_AEj
FNL:10,304,313
FNA:10,13,_ZN3AIO8Emulator3GBA3APU11WriteFIFO_BEj
FNL:11,315,321
FNA:11,4,_ZN3AIO8Emulator3GBA3APU11ResetFIFO_AEv
FNL:12,323,329
FNA:12,2,_ZN3AIO8Emulator3GBA3APU11ResetFIFO_BEv
FNL:13,331,394
FNA:13,2,_ZN3AIO8Emulator3GBA3APU10GetSamplesEPsi
FNL:14,397,397
FNA:14,11,_ZNK3AIO8Emulator3GBA3APU14IsSoundEnabledEv
FNL:15,50,78
FNA:15,22,_ZN3AIO8Emulator3GBA3APU10PushSampleEss
FNL:16,80,86
FNA:16,18,_ZN3AIO8Emulator3GBA3APU6UpdateEi
FNL:17,88,93
FNA:17,2,_ZN3AIO8Emulator3GBA3APU19SetOutputSampleRateEf
FNL:18,95,105
FNA:18,10,_ZN3AIO8Emulator3GBA3APU19SetPSGChannelParamsEiiii
FNF:19
FNH:19
DA:11,22
DA:12,22
DA:13,22
DA:14,0
DA:17,72
DA:19,72
DA:21,72
DA:22,72
DA:23,72
DA:24,72
DA:25,72
DA:26,72
DA:27,72
DA:28,72
DA:29,72
DA:31,72
DA:32,72
DA:34,72
DA:35,72
DA:36,72
DA:38,72
DA:39,72
DA:42,216
DA:43,144
DA:45,72
DA:47,72
DA:48,72
DA:50,22
DA:53,22
DA:55,278
DA:56,256
DA:57,256
DA:60,256
DA:63,256
DA:65,0
DA:68,0
DA:69,0
DA:72,256
DA:73,256
DA:74,256
DA:76,256
DA:78,22
DA:80,18
DA:82,18
DA:83,18
DA:86,18
DA:88,2
DA:89,2
DA:90,2
DA:92,0
DA:93,2
DA:95,10
DA:97,10
DA:98,0
DA:99,10
DA:100,10
DA:101,10
DA:102,10
DA:103,10
DA:104,10
DA:105,10
DA:107,23
DA:108,23
DA:109,23
DA:110,23
DA:111,0
DA:114,23
DA:115,10
DA:116,82
DA:117,72
DA:118,72
DA:119,64
DA:120,64
DA:121,72
DA:122,10
DA:126,13
DA:127,50
DA:128,44
DA:129,44
DA:130,44
DA:131,6
DA:135,7
DA:136,295
DA:137,288
DA:138,288
DA:139,288
DA:140,7
DA:143,0
DA:144,23
DA:146,3
DA:147,3
DA:148,3
DA:150,6
DA:151,6
DA:152,6
DA:153,6
DA:154,6
DA:155,6
DA:156,6
DA:157,6
DA:159,7
DA:160,7
DA:161,7
DA:162,7
DA:163,7
DA:164,7
DA:165,7
DA:166,7
DA:167,7
DA:169,23
DA:171,23
DA:174,23
DA:177,23
DA:179,23
DA:184,23
DA:185,1
DA:189,22
DA:193,22
DA:194,22
DA:197,22
DA:198,22
DA:200,22
DA:201,22
DA:203,0
DA:204,0
DA:206,0
DA:207,0
DA:209,0
DA:210,0
DA:212,22
DA:213,22
DA:214,22
DA:215,22
DA:216,22
DA:218,22
DA:219,0
DA:220,0
DA:221,0
DA:222,0
DA:223,0
DA:224,0
DA:226,22
DA:227,22
DA:230,22
DA:231,20
DA:232,20
DA:233,20
DA:234,20
DA:235,22
DA:237,2
DA:238,2
DA:239,2
DA:241,22
DA:242,0
DA:243,0
DA:244,0
DA:245,0
DA:246,22
DA:248,22
DA:249,22
DA:250,22
DA:253,22
DA:254,22
DA:255,0
DA:256,0
DA:259,22
DA:260,22
DA:264,22
DA:266,22
DA:269,22
DA:270,21
DA:271,22
DA:272,21
DA:275,22
DA:276,0
DA:277,22
DA:278,0
DA:281,22
DA:282,0
DA:283,22
DA:284,0
DA:285,22
DA:286,0
DA:287,22
DA:288,0
DA:290,22
DA:291,23
DA:293,38
DA:295,190
DA:296,152
DA:297,144
DA:298,144
DA:299,144
DA:300,144
DA:301,152
DA:302,38
DA:304,13
DA:306,65
DA:307,52
DA:308,48
DA:309,48
DA:310,48
DA:311,48
DA:312,52
DA:313,13
DA:315,4
DA:316,4
DA:317,4
DA:318,4
DA:319,4
DA:320,4
DA:321,4
DA:323,2
DA:324,2
DA:325,2
DA:326,2
DA:327,2
DA:328,2
DA:329,2
DA:331,2
DA:332,2
DA:335,2
DA:336,2
DA:338,2
DA:340,98
DA:341,96
DA:342,96
DA:344,96
DA:346,96
DA:347,96
DA:348,96
DA:349,96
DA:350,0
DA:351,0
DA:353,0
DA:354,0
DA:355,0
DA:357,96
DA:359,2
DA:360,2
DA:362,2
DA:364,2
DA:365,0
DA:366,0
DA:367,0
DA:368,0
DA:369,0
DA:370,0
DA:371,0
DA:372,0
DA:373,0
DA:374,0
DA:375,0
DA:377,0
DA:378,0
DA:379,0
DA:380,0
DA:381,0
DA:382,0
DA:384,0
DA:385,0
DA:386,0
DA:387,0
DA:388,0
DA:389,0
DA:390,0
DA:391,0
DA:392,0
DA:394,2
DA:397,11
LF:270
LH:207
end_of_record
TN:
SF:/Users/alexwaldmann/Desktop/AIO Server/src/emulator/gba/ARM7TDMI.cpp
FNL:0,0,22
FNA:0,232,__cxx_global_var_init
FNA:0,232,__cxx_global_var_init.1
FNL:1,1277,1344
FNA:1,41,_ZZN3AIO8Emulator3GBA8ARM7TDMI4StepEvENK3$_1clEji
FNL:2,1346,1612
FNA:2,41,_ZZN3AIO8Emulator3GBA8ARM7TDMI4StepEvENK3$_2clEjj
FNL:3,135,158
FNA:3,2,_ZN3AIO8Emulator3GBAL12TracePCWriteEPKcjjjjj
FNL:4,1614,1643
FNA:4,0,_ZN3AIO8Emulator3GBA8ARM7TDMI8StepBackEv
FNL:5,163,166
FNA:5,0,_ZN3AIO8Emulator3GBAL12TraceR8WriteEjbjjj
FNL:6,1646,1646
FNA:6,0,_ZN3AIO8Emulator3GBA8ARM7TDMI13AddBreakpointEj
FNL:7,1647,1650
FNA:7,0,_ZN3AIO8Emulator3GBA8ARM7TDMI16RemoveBreakpointEj
FNL:8,1651,1651
FNA:8,0,_ZN3AIO8Emulator3GBA8ARM7TDMI16ClearBreakpointsEv
FNL:9,1652,1653
FNA:9,0,_ZNK3AIO8Emulator3GBA8ARM7TDMI14GetBreakpointsEv
FNL:10,1655,1655
FNA:10,0,_ZN3AIO8Emulator3GBA8ARM7TDMI13SetSingleStepEb
FNL:11,1656,1656
FNA:11,0,_ZNK3AIO8Emulator3GBA8ARM7TDMI12IsSingleStepEv
FNL:12,1657,1661
FNA:12,0,_ZN3AIO8Emulator3GBA8ARM7TDMI8ContinueEv
FNL:13,1662,1685
FNA:13,0,_ZNK3AIO8Emulator3GBA8ARM7TDMI9DumpStateERNSt3__113basic_ostreamIcNS3_11char_traitsIcEEEE
FNL:14,1687,1689
FNA:14,0,_ZN3AIO8Emulator3GBA8ARM7TDMI5FetchEv
FNL:15,1691,1772
FNA:15,107,_ZN3AIO8Emulator3GBA8ARM7TDMI6DecodeEj
FNL:16,1774,1776
FNA:16,0,_ZN3AIO8Emulator3GBA8ARM7TDMI7ExecuteEv
FNL:17,1778,1806
FNA:17,3,_ZN3AIO8Emulator3GBA8ARM7TDMI13ExecuteBranchEj
FNL:18,179,201
FNA:18,232,_ZN3AIO8Emulator3GBAL13TraceR11WriteEjbjjj
FNL:19,1808,2194
FNA:19,66,_ZN3AIO8Emulator3GBA8ARM7TDMI21ExecuteDataProcessingEj
FNL:20,206,236
FNA:20,0,_ZN3AIO8Emulator3GBAL14RecordR11WriteEjbjjj
FNL:21,2196,2384
FNA:21,9,_ZN3AIO8Emulator3GBA8ARM7TDMI25ExecuteSingleDataTransferEj
FNL:22,238,242
FNA:22,53,_ZN3AIO8Emulator3GBAL17TraceWatchWrite32Ejbjjjj
FNL:23,2386,2645
FNA:23,6,_ZN3AIO8Emulator3GBA8ARM7TDMI24ExecuteBlockDataTransferEj
FNL:24,2647,2755
FNA:24,8,_ZN3AIO8Emulator3GBA8ARM7TDMI27ExecuteHalfwordDataTransferEj
FNL:25,268,272
FNA:25,16,_ZN3AIO8Emulator3GBAL16TraceWatchRead32Ejbjjjj
FNL:26,2757,2772
FNA:26,1,_ZN3AIO8Emulator3GBA8ARM7TDMI9ExecuteBXEj
FNL:27,2774,2961
FNA:27,2,_ZN3AIO8Emulator3GBA8ARM7TDMI19ExecuteBIOSFunctionEj
FNL:28,285,285
FNA:28,59,_ZN3AIO8Emulator3GBA8ARM7TDMIC1ERNS1_9GBAMemoryE
FNA:28,59,_ZN3AIO8Emulator3GBA8ARM7TDMIC2ERNS1_9GBAMemoryE
FNL:29,287,287
FNA:29,59,_ZN3AIO8Emulator3GBA8ARM7TDMID1Ev
FNA:29,59,_ZN3AIO8Emulator3GBA8ARM7TDMID2Ev
FNL:30,289,328
FNA:30,112,_ZN3AIO8Emulator3GBA8ARM7TDMI5ResetEv
FNL:31,2963,3951
FNA:31,7,_ZN3AIO8Emulator3GBA8ARM7TDMI10ExecuteSWIEj
FNL:32,330,418
FNA:32,3,_ZN3AIO8Emulator3GBA8ARM7TDMI10SwitchModeEj
FNL:33,36,37
FNA:33,336,_ZN3AIO8Emulator3GBA12_GLOBAL__N_19EnvTruthyEPKc
FNL:34,3953,3958
FNA:34,8,_ZN3AIO8Emulator3GBA8ARM7TDMI16AdvanceHLECyclesEi
FNL:35,3960,3963
FNA:35,0,_ZN3AIO8Emulator3GBA8ARM7TDMI16ConsumeHLECyclesEv
FNL:36,3966,4997
FNA:36,41,_ZN3AIO8Emulator3GBA8ARM7TDMI11DecodeThumbEtj
FNL:37,40,43
FNA:37,0,_ZN3AIO8Emulator3GBA12_GLOBAL__N_113EnvFlagCachedILm19EEEbRAT__Kc
FNA:37,245,_ZN3AIO8Emulator3GBA12_GLOBAL__N_113EnvFlagCachedILm20EEEbRAT__Kc
FNA:37,151,_ZN3AIO8Emulator3GBA12_GLOBAL__N_113EnvFlagCachedILm22EEEbRAT__Kc
FNA:37,53,_ZN3AIO8Emulator3GBA12_GLOBAL__N_113EnvFlagCachedILm23EEEbRAT__Kc
FNA:37,41,_ZN3AIO8Emulator3GBA12_GLOBAL__N_113EnvFlagCachedILm24EEEbRAT__Kc
FNA:37,191,_ZN3AIO8Emulator3GBA12_GLOBAL__N_113EnvFlagCachedILm25EEEbRAT__Kc
FNA:37,52,_ZN3AIO8Emulator3GBA12_GLOBAL__N_113EnvFlagCachedILm26EEEbRAT__Kc
FNA:37,41,_ZN3AIO8Emulator3GBA12_GLOBAL__N_113EnvFlagCachedILm27EEEbRAT__Kc
FNA:37,150,_ZN3AIO8Emulator3GBA12_GLOBAL__N_113EnvFlagCachedILm29EEEbRAT__Kc
FNA:37,67,_ZN3AIO8Emulator3GBA12_GLOBAL__N_113EnvFlagCachedILm32EEEbRAT__Kc
FNL:38,420,587
FNA:38,151,_ZN3AIO8Emulator3GBA8ARM7TDMI15CheckInterruptsEv
FNL:39,46,133
FNA:39,8,_ZN3AIO8Emulator3GBAL9LogBranchEjj
FNL:40,4999,5002
FNA:40,0,_ZN3AIO8Emulator3GBA8ARM7TDMI5SetZNEj
FNL:41,5004,5006
FNA:41,1,_ZN3AIO8Emulator3GBA8ARM7TDMI14CheckConditionEj
FNL:42,5009,5032
FNA:42,2,_ZN3AIO8Emulator3GBA8ARM7TDMI15ExecuteMultiplyEj
FNL:43,5034,5073
FNA:43,4,_ZN3AIO8Emulator3GBA8ARM7TDMI19ExecuteMultiplyLongEj
FNL:44,5075,5086
FNA:44,1,_ZN3AIO8Emulator3GBA8ARM7TDMI10ExecuteMRSEj
FNL:45,5088,5165
FNA:45,1,_ZN3AIO8Emulator3GBA8ARM7TDMI10ExecuteMSREj
FNL:46,591,591
FNA:46,1,_ZN3AIO8Emulator3GBA8ARM7TDMI14PollInterruptsEv
FNL:47,593,657
FNA:47,150,_ZN3AIO8Emulator3GBA8ARM7TDMI4StepEv
FNL:48,659,1276
FNA:48,150,_ZZN3AIO8Emulator3GBA8ARM7TDMI4StepEvENK3$_0clEjm
FNF:49
FNH:34
DA:22,232
DA:36,336
DA:37,336
DA:40,991
DA:41,991
DA:42,991
DA:43,0
DA:46,8
DA:48,14
DA:49,6
DA:52,14
DA:53,6
DA:54,14
DA:55,6
DA:57,8
DA:58,8
DA:59,0
DA:63,8
DA:64,0
DA:65,0
DA:66,0
DA:67,0
DA:68,0
DA:69,0
DA:70,0
DA:71,0
DA:72,0
DA:75,0
DA:76,0
DA:77,0
DA:78,0
DA:83,8
DA:84,0
DA:85,0
DA:86,0
DA:87,0
DA:91,8
DA:94,0
DA:95,0
DA:96,0
DA:97,0
DA:98,0
DA:99,0
DA:100,0
DA:101,0
DA:102,0
DA:105,0
DA:106,0
DA:109,0
DA:110,0
DA:111,0
DA:112,0
DA:113,0
DA:114,0
DA:115,0
DA:116,0
DA:117,0
DA:120,0
DA:121,0
DA:122,0
DA:124,8
DA:125,4
DA:126,0
DA:127,0
DA:128,4
DA:129,0
DA:131,0
DA:132,0
DA:133,4
DA:135,2
DA:139,2
DA:140,2
DA:141,2
DA:142,3
DA:144,1
DA:146,1
DA:148,2
DA:150,1
DA:151,2
DA:152,0
DA:155,0
DA:156,0
DA:157,0
DA:158,2
DA:163,0
DA:166,0
DA:179,0
DA:182,0
DA:201,232
DA:206,0
DA:208,0
DA:209,0
DA:210,0
DA:211,0
DA:212,0
DA:213,0
DA:215,0
DA:216,0
DA:217,0
DA:219,0
DA:220,0
DA:221,0
DA:224,0
DA:225,0
DA:227,0
DA:229,0
DA:230,0
DA:231,0
DA:233,0
DA:235,0
DA:236,0
DA:238,53
DA:242,53
DA:268,16
DA:272,16
DA:285,118
DA:287,118
DA:289,112
DA:290,112
DA:291,112
DA:292,112
DA:293,112
DA:296,112
DA:297,112
DA:298,112
DA:299,112
DA:300,112
DA:301,112
DA:302,112
DA:303,112
DA:312,112
DA:313,112
DA:314,112
DA:315,112
DA:316,112
DA:317,112
DA:318,0
DA:319,0
DA:320,0
DA:324,112
DA:325,112
DA:326,112
DA:327,112
DA:328,112
DA:330,3
DA:331,3
DA:332,3
DA:333,0
DA:336,3
DA:339,2
DA:340,2
DA:341,2
DA:343,1
DA:344,1
DA:345,1
DA:358,1
DA:360,0
DA:361,0
DA:362,0
DA:363,0
DA:367,3
DA:370,1
DA:371,1
DA:373,1
DA:374,1
DA:381,2
DA:386,2
DA:387,2
DA:390,2
DA:396,0
DA:397,0
DA:398,0
DA:409,2
DA:411,0
DA:412,0
DA:413,0
DA:414,0
DA:417,3
DA:418,3
DA:420,151
DA:433,151
DA:434,151
DA:435,151
DA:439,151
DA:440,0
DA:442,0
DA:443,0
DA:446,0
DA:447,0
DA:448,0
DA:449,0
DA:450,0
DA:451,0
DA:464,151
DA:465,1
DA:466,1
DA:467,1
DA:469,151
DA:470,138
DA:471,13
DA:472,10
DA:474,3
DA:477,2
DA:479,2
DA:480,2
DA:481,2
DA:482,2
DA:487,2
DA:488,4
DA:489,2
DA:490,2
DA:491,2
DA:492,2
DA:499,2
DA:504,2
DA:505,2
DA:508,2
DA:509,2
DA:523,2
DA:524,2
DA:525,2
DA:527,2
DA:528,0
DA:529,0
DA:533,0
DA:534,0
DA:536,0
DA:537,0
DA:538,0
DA:539,0
DA:540,0
DA:541,0
DA:542,0
DA:543,0
DA:546,0
DA:547,0
DA:548,0
DA:549,0
DA:553,0
DA:554,0
DA:555,0
DA:556,0
DA:559,2
DA:560,2
DA:561,2
DA:567,2
DA:568,2
DA:580,2
DA:586,2
DA:587,151
DA:591,1
DA:593,150
DA:597,150
DA:602,150
DA:603,150
DA:604,150
DA:605,150
DA:606,150
DA:607,150
DA:611,150
DA:612,150
DA:613,150
DA:614,150
DA:618,150
DA:619,150
DA:620,0
DA:626,0
DA:642,150
DA:644,0
DA:645,0
DA:647,0
DA:648,0
DA:649,0
DA:650,0
DA:651,0
DA:652,0
DA:654,0
DA:655,0
DA:656,0
DA:657,0
DA:659,0
DA:660,0
DA:661,0
DA:662,0
DA:663,0
DA:664,0
DA:665,0
DA:666,0
DA:667,0
DA:668,0
DA:669,0
DA:670,0
DA:671,0
DA:672,0
DA:673,0
DA:674,0
DA:675,0
DA:676,0
DA:680,0
DA:681,0
DA:682,0
DA:687,0
DA:691,0
DA:692,0
DA:696,0
DA:697,0
DA:698,0
DA:699,150
DA:700,0
DA:701,0
DA:702,0
DA:703,0
DA:705,0
DA:706,0
DA:723,0
DA:725,0
DA:726,0
DA:731,150
DA:732,150
DA:733,0
DA:734,0
DA:735,0
DA:736,0
DA:737,0
DA:738,0
DA:739,0
DA:740,0
DA:741,0
DA:742,0
DA:746,150
DA:747,150
DA:748,0
DA:749,0
DA:750,0
DA:751,0
DA:752,0
DA:753,0
DA:754,0
DA:755,0
DA:758,150
DA:760,0
DA:762,0
DA:765,150
DA:766,0
DA:767,0
DA:768,0
DA:769,0
DA:770,0
DA:771,0
DA:772,0
DA:773,0
DA:776,0
DA:777,0
DA:778,0
DA:779,0
DA:780,0
DA:783,0
DA:784,0
DA:785,0
DA:786,0
DA:787,0
DA:788,0
DA:791,0
DA:792,0
DA:795,0
DA:796,0
DA:797,0
DA:798,0
DA:799,0
DA:800,0
DA:801,0
DA:802,0
DA:803,0
DA:804,0
DA:805,0
DA:806,0
DA:807,0
DA:808,0
DA:809,0
DA:810,0
DA:811,0
DA:812,0
DA:813,0
DA:814,0
DA:815,0
DA:816,0
DA:818,0
DA:819,0
DA:820,0
DA:864,150
DA:866,150
DA:867,0
DA:875,150
DA:876,150
DA:877,150
DA:878,12
DA:879,150
DA:880,0
DA:881,150
DA:882,2
DA:883,150
DA:884,0
DA:885,150
DA:886,136
DA:887,150
DA:888,0
DA:889,0
DA:890,0
DA:891,0
DA:892,0
DA:894,0
DA:895,0
DA:896,0
DA:897,0
DA:898,0
DA:899,0
DA:900,0
DA:901,0
DA:902,0
DA:903,0
DA:904,0
DA:906,0
DA:907,0
DA:908,0
DA:909,0
DA:910,0
DA:911,0
DA:913,0
DA:914,0
DA:915,0
DA:920,150
DA:927,150
DA:928,150
DA:929,0
DA:930,0
DA:931,0
DA:950,206
DA:951,56
DA:952,150
DA:956,150
DA:957,0
DA:958,0
DA:959,0
DA:960,0
DA:961,0
DA:962,0
DA:963,0
DA:994,150
DA:995,0
DA:996,0
DA:997,0
DA:998,0
DA:999,0
DA:1000,0
DA:1001,0
DA:1002,0
DA:1009,150
DA:1010,0
DA:1011,0
DA:1012,0
DA:1013,0
DA:1015,0
DA:1016,0
DA:1017,0
DA:1018,0
DA:1019,0
DA:1020,0
DA:1024,0
DA:1025,0
DA:1026,0
DA:1027,0
DA:1030,0
DA:1031,0
DA:1032,0
DA:1033,0
DA:1034,0
DA:1036,0
DA:1037,0
DA:1038,0
DA:1039,0
DA:1040,0
DA:1041,0
DA:1042,0
DA:1043,0
DA:1045,150
DA:1046,0
DA:1047,0
DA:1048,150
DA:1049,0
DA:1050,0
DA:1051,0
DA:1052,0
DA:1053,0
DA:1054,0
DA:1055,0
DA:1056,0
DA:1057,0
DA:1061,150
DA:1069,150
DA:1070,12
DA:1075,12
DA:1077,0
DA:1078,0
DA:1079,0
DA:1080,0
DA:1083,0
DA:1084,0
DA:1085,0
DA:1086,0
DA:1087,0
DA:1089,0
DA:1090,0
DA:1091,0
DA:1092,0
DA:1093,0
DA:1095,0
DA:1096,0
DA:1098,12
DA:1103,12
DA:1104,12
DA:1106,12
DA:1107,2
DA:1108,2
DA:1110,10
DA:1112,148
DA:1113,41
DA:1114,41
DA:1119,41
DA:1135,41
DA:1136,41
DA:1155,41
DA:1156,41
DA:1157,41
DA:1158,41
DA:1164,41
DA:1165,0
DA:1167,0
DA:1168,0
DA:1169,0
DA:1175,0
DA:1176,0
DA:1177,0
DA:1178,0
DA:1179,0
DA:1180,0
DA:1181,0
DA:1182,0
DA:1183,0
DA:1184,0
DA:1185,0
DA:1186,0
DA:1187,0
DA:1194,41
DA:1197,41
DA:1198,41
DA:1199,41
DA:1203,41
DA:1204,41
DA:1205,41
DA:1206,41
DA:1207,41
DA:1212,41
DA:1213,41
DA:1214,41
DA:1216,41
DA:1218,0
DA:1219,0
DA:1220,0
DA:1224,0
DA:1225,0
DA:1226,0
DA:1227,0
DA:1228,0
DA:1229,0
DA:1233,41
DA:1234,41
DA:1235,41
DA:1236,41
DA:1237,41
DA:1238,41
DA:1239,41
DA:1241,41
DA:1243,0
DA:1244,0
DA:1245,0
DA:1249,0
DA:1250,0
DA:1251,0
DA:1252,0
DA:1253,0
DA:1254,0
DA:1255,41
DA:1257,0
DA:1258,0
DA:1259,0
DA:1263,0
DA:1264,0
DA:1265,0
DA:1266,0
DA:1267,0
DA:1268,0
DA:1273,41
DA:1274,0
DA:1276,0
DA:1277,0
DA:1278,0
DA:1279,0
DA:1280,0
DA:1281,0
DA:1282,0
DA:1283,0
DA:1284,0
DA:1285,0
DA:1286,0
DA:1287,0
DA:1289,0
DA:1290,0
DA:1293,0
DA:1294,0
DA:1295,0
DA:1299,0
DA:1300,0
DA:1301,0
DA:1302,0
DA:1303,0
DA:1304,0
DA:1325,41
DA:1328,41
DA:1329,41
DA:1333,41
DA:1334,0
DA:1335,0
DA:1336,0
DA:1338,0
DA:1339,0
DA:1340,0
DA:1341,0
DA:1342,0
DA:1343,0
DA:1344,0
DA:1346,0
DA:1349,0
DA:1350,0
DA:1351,0
DA:1354,0
DA:1357,0
DA:1358,0
DA:1359,0
DA:1360,0
DA:1361,0
DA:1362,0
DA:1363,0
DA:1364,0
DA:1365,0
DA:1368,0
DA:1369,0
DA:1370,0
DA:1371,0
DA:1372,0
DA:1373,0
DA:1376,0
DA:1377,0
DA:1378,0
DA:1379,0
DA:1380,0
DA:1381,0
DA:1384,0
DA:1385,0
DA:1386,0
DA:1387,0
DA:1388,0
DA:1389,0
DA:1393,0
DA:1394,0
DA:1395,0
DA:1396,0
DA:1397,0
DA:1398,0
DA:1399,0
DA:1400,0
DA:1401,0
DA:1404,0
DA:1405,0
DA:1406,0
DA:1407,0
DA:1408,0
DA:1409,0
DA:1412,0
DA:1413,0
DA:1414,0
DA:1417,0
DA:1418,0
DA:1419,0
DA:1420,0
DA:1421,0
DA:1422,0
DA:1423,0
DA:1424,0
DA:1425,0
DA:1431,41
DA:1432,0
DA:1433,0
DA:1435,0
DA:1436,0
DA:1437,0
DA:1441,0
DA:1442,0
DA:1443,0
DA:1444,0
DA:1445,0
DA:1446,0
DA:1449,41
DA:1450,0
DA:1452,0
DA:1453,0
DA:1454,0
DA:1457,0
DA:1458,0
DA:1459,0
DA:1460,0
DA:1461,0
DA:1463,0
DA:1465,0
DA:1466,0
DA:1467,0
DA:1470,0
DA:1471,0
DA:1472,0
DA:1473,0
DA:1474,0
DA:1477,0
DA:1479,0
DA:1480,0
DA:1483,0
DA:1484,0
DA:1485,0
DA:1486,0
DA:1487,0
DA:1488,0
DA:1493,41
DA:1494,0
DA:1495,0
DA:1496,0
DA:1498,0
DA:1499,0
DA:1500,0
DA:1503,0
DA:1504,0
DA:1505,0
DA:1506,0
DA:1507,0
DA:1508,0
DA:1512,41
DA:1514,0
DA:1515,0
DA:1516,0
DA:1518,0
DA:1519,0
DA:1520,0
DA:1521,0
DA:1536,41
DA:1537,107
DA:1538,107
DA:1539,107
DA:1540,107
DA:1543,107
DA:1544,107
DA:1545,107
DA:1546,107
DA:1552,107
DA:1553,0
DA:1555,0
DA:1556,0
DA:1557,0
DA:1563,0
DA:1564,0
DA:1565,0
DA:1566,0
DA:1567,0
DA:1568,0
DA:1569,0
DA:1570,0
DA:1571,0
DA:1572,0
DA:1573,0
DA:1574,0
DA:1575,0
DA:1577,107
DA:1578,107
DA:1582,107
DA:1583,0
DA:1584,0
DA:1586,0
DA:1587,0
DA:1588,0
DA:1592,0
DA:1593,0
DA:1594,0
DA:1595,0
DA:1596,0
DA:1597,0
DA:1612,150
DA:1614,0
DA:1615,0
DA:1616,0
DA:1618,0
DA:1619,0
DA:1624,0
DA:1625,0
DA:1626,0
DA:1627,0
DA:1628,0
DA:1629,0
DA:1631,0
DA:1632,0
DA:1633,0
DA:1635,0
DA:1636,0
DA:1637,0
DA:1638,0
DA:1639,0
DA:1640,0
DA:1641,0
DA:1642,0
DA:1643,0
DA:1646,0
DA:1647,0
DA:1648,0
DA:1649,0
DA:1650,0
DA:1651,0
DA:1652,0
DA:1653,0
DA:1655,0
DA:1656,0
DA:1657,0
DA:1658,0
DA:1659,0
DA:1660,0
DA:1661,0
DA:1662,0
DA:1663,0
DA:1664,0
DA:1665,0
DA:1666,0
DA:1667,0
DA:1669,0
DA:1670,0
DA:1671,0
DA:1672,0
DA:1673,0
DA:1674,0
DA:1675,0
DA:1676,0
DA:1677,0
DA:1678,0
DA:1679,0
DA:1680,0
DA:1681,0
DA:1683,0
DA:1684,0
DA:1685,0
DA:1687,0
DA:1689,0
DA:1691,107
DA:1693,107
DA:1694,107
DA:1696,107
DA:1697,5
DA:1698,2
DA:1700,3
DA:1704,105
DA:1706,1
DA:1707,1
DA:1709,104
DA:1711,3
DA:1712,3
DA:1714,101
DA:1716,2
DA:1717,2
DA:1719,99
DA:1721,4
DA:1722,4
DA:1724,95
DA:1725,8
DA:1726,8
DA:1728,87
DA:1729,1
DA:1730,1
DA:1732,86
DA:1733,1
DA:1734,1
DA:1736,85
DA:1737,0
DA:1738,0
DA:1740,85
DA:1742,66
DA:1743,66
DA:1745,19
DA:1747,9
DA:1748,9
DA:1750,10
DA:1752,6
DA:1753,6
DA:1755,4
DA:1761,4
DA:1762,4
DA:1763,4
DA:1764,0
DA:1765,0
DA:1766,4
DA:1767,4
DA:1768,0
DA:1769,0
DA:1770,0
DA:1772,107
DA:1774,0
DA:1776,0
DA:1778,3
DA:1780,3
DA:1781,3
DA:1784,3
DA:1788,3
DA:1790,3
DA:1791,1
DA:1792,1
DA:1793,1
DA:1795,3
DA:1804,3
DA:1805,3
DA:1806,3
DA:1808,66
DA:1809,66
DA:1810,66
DA:1811,66
DA:1812,66
DA:1813,66
DA:1814,66
DA:1815,66
DA:1816,66
DA:1818,66
DA:1819,0
DA:1820,0
DA:1823,0
DA:1824,0
DA:1825,0
DA:1826,0
DA:1827,0
DA:1829,66
DA:1830,66
DA:1833,66
DA:1835,45
DA:1836,45
DA:1837,45
DA:1838,45
DA:1839,37
DA:1840,37
DA:1841,8
DA:1842,8
DA:1844,45
DA:1846,21
DA:1847,21
DA:1848,21
DA:1849,0
DA:1851,21
DA:1852,21
DA:1853,21
DA:1855,21
DA:1856,4
DA:1857,4
DA:1858,4
DA:1859,17
DA:1863,21
DA:1864,21
DA:1865,21
DA:1868,66
DA:1869,66
DA:1870,66
DA:1871,1
DA:1872,66
DA:1873,66
DA:1874,66
DA:1876,66
DA:1877,66
DA:1882,0
DA:1883,0
DA:1884,0
DA:1885,0
DA:1886,0
DA:1887,0
DA:1891,0
DA:1892,0
DA:1893,0
DA:1894,0
DA:1895,0
DA:1896,0
DA:1897,0
DA:1899,66
DA:1901,1
DA:1902,1
DA:1904,1
DA:1905,1
DA:1908,12
DA:1909,12
DA:1911,12
DA:1912,12
DA:1913,12
DA:1914,12
DA:1916,12
DA:1918,1
DA:1919,1
DA:1921,1
DA:1922,1
DA:1923,1
DA:1924,1
DA:1926,1
DA:1929,5
DA:1930,5
DA:1932,5
DA:1933,5
DA:1934,5
DA:1935,5
DA:1937,5
DA:1939,1
DA:1940,1
DA:1941,2
DA:1942,1
DA:1944,1
DA:1945,1
DA:1946,1
DA:1947,1
DA:1949,1
DA:1951,2
DA:1952,2
DA:1954,2
DA:1955,2
DA:1956,2
DA:1957,2
DA:1959,2
DA:1961,1
DA:1962,1
DA:1964,1
DA:1965,1
DA:1966,1
DA:1967,1
DA:1969,1
DA:1971,1
DA:1972,1
DA:1974,1
DA:1975,1
DA:1977,1
DA:1978,1
DA:1980,32
DA:1981,32
DA:1983,2
DA:1984,2
DA:1986,5
DA:1987,5
DA:1992,66
DA:2001,44
DA:2002,44
DA:2004,22
DA:2008,123
DA:2009,64
DA:2010,56
DA:2011,56
DA:2012,56
DA:2016,1
DA:2017,0
DA:2018,0
DA:2020,1
DA:2021,1
DA:2030,1
DA:2031,1
DA:2032,2
DA:2033,1
DA:2034,1
DA:2035,1
DA:2036,56
DA:2042,56
DA:2043,0
DA:2044,0
DA:2045,0
DA:2046,0
DA:2047,0
DA:2048,0
DA:2051,0
DA:2052,0
DA:2053,0
DA:2054,0
DA:2060,0
DA:2061,0
DA:2062,0
DA:2063,0
DA:2064,0
DA:2065,0
DA:2066,0
DA:2069,0
DA:2070,0
DA:2071,0
DA:2072,0
DA:2073,0
DA:2074,0
DA:2078,56
DA:2079,0
DA:2080,0
DA:2081,0
DA:2082,0
DA:2083,0
DA:2084,0
DA:2085,0
DA:2088,0
DA:2089,0
DA:2090,0
DA:2091,0
DA:2092,0
DA:2093,56
DA:2096,66
DA:2097,16
DA:2101,1
DA:2102,1
DA:2108,1
DA:2109,1
DA:2110,0
DA:2111,0
DA:2112,0
DA:2113,0
DA:2114,0
DA:2115,0
DA:2116,0
DA:2118,1
DA:2121,1
DA:2122,0
DA:2123,0
DA:2124,0
DA:2125,0
DA:2126,0
DA:2127,0
DA:2128,0
DA:2130,0
DA:2132,0
DA:2133,0
DA:2134,0
DA:2135,0
DA:2136,0
DA:2137,0
DA:2138,0
DA:2139,0
DA:2140,0
DA:2141,0
DA:2142,0
DA:2143,0
DA:2144,0
DA:2145,0
DA:2146,0
DA:2147,0
DA:2148,0
DA:2149,0
DA:2154,1
DA:2155,1
DA:2156,1
DA:2157,1
DA:2158,1
DA:2160,1
DA:2161,0
DA:2162,0
DA:2163,0
DA:2167,0
DA:2168,0
DA:2169,0
DA:2170,0
DA:2171,0
DA:2172,0
DA:2175,1
DA:2176,0
DA:2179,1
DA:2187,1
DA:2188,1
DA:2189,15
DA:2190,15
DA:2191,15
DA:2193,16
DA:2194,66
DA:2196,9
DA:2197,9
DA:2198,9
DA:2199,9
DA:2200,9
DA:2201,9
DA:2202,9
DA:2203,9
DA:2204,9
DA:2205,9
DA:2207,9
DA:2208,8
DA:2209,8
DA:2214,1
DA:2215,1
DA:2216,1
DA:2217,1
DA:2218,1
DA:2219,0
DA:2220,0
DA:2221,0
DA:2222,1
DA:2225,2
DA:2226,1
DA:2229,9
DA:2230,9
DA:2231,1
DA:2232,1
DA:2234,9
DA:2235,9
DA:2236,8
DA:2237,7
DA:2239,1
DA:2240,8
DA:2242,9
DA:2244,7
DA:2245,1
DA:2246,1
DA:2247,1
DA:2248,1
DA:2249,0
DA:2250,0
DA:2251,0
DA:2252,0
DA:2253,0
DA:2254,0
DA:2255,0
DA:2258,0
DA:2259,0
DA:2260,0
DA:2261,0
DA:2262,1
DA:2263,0
DA:2264,0
DA:2265,0
DA:2266,0
DA:2267,1
DA:2271,6
DA:2272,6
DA:2273,6
DA:2274,6
DA:2275,6
DA:2276,0
DA:2277,0
DA:2278,6
DA:2280,1
DA:2281,1
DA:2282,1
DA:2283,1
DA:2284,1
DA:2285,6
DA:2286,6
DA:2287,6
DA:2288,0
DA:2289,0
DA:2290,0
DA:2291,0
DA:2292,0
DA:2293,0
DA:2294,0
DA:2295,0
DA:2300,0
DA:2301,0
DA:2302,0
DA:2303,0
DA:2304,0
DA:2305,0
DA:2306,0
DA:2309,0
DA:2310,0
DA:2311,0
DA:2313,0
DA:2314,0
DA:2315,6
DA:2316,0
DA:2317,0
DA:2318,0
DA:2319,0
DA:2320,0
DA:2321,0
DA:2324,0
DA:2325,0
DA:2326,0
DA:2327,0
DA:2328,6
DA:2329,0
DA:2330,0
DA:2331,0
DA:2332,0
DA:2333,6
DA:2335,0
DA:2336,0
DA:2337,0
DA:2338,0
DA:2339,0
DA:2340,0
DA:2342,0
DA:2344,7
DA:2346,2
DA:2347,2
DA:2348,0
DA:2350,2
DA:2351,1
DA:2352,1
DA:2353,2
DA:2354,1
DA:2355,1
DA:2356,1
DA:2360,9
DA:2361,2
DA:2362,2
DA:2363,2
DA:2365,0
DA:2366,2
DA:2367,2
DA:2368,2
DA:2369,0
DA:2370,0
DA:2371,0
DA:2372,0
DA:2373,2
DA:2375,0
DA:2376,0
DA:2377,0
DA:2378,0
DA:2379,0
DA:2380,0
DA:2382,0
DA:2383,2
DA:2384,9
DA:2386,6
DA:2387,6
DA:2388,6
DA:2389,6
DA:2390,6
DA:2391,6
DA:2392,6
DA:2393,6
DA:2397,6
DA:2400,6
DA:2401,0
DA:2404,0
DA:2405,0
DA:2408,6
DA:2409,0
DA:2410,0
DA:2411,0
DA:2412,0
DA:2413,0
DA:2414,0
DA:2415,0
DA:2417,6
DA:2418,6
DA:2419,6
DA:2422,6
DA:2423,102
DA:2424,96
DA:2425,22
DA:2426,96
DA:2433,6
DA:2434,4
DA:2435,4
DA:2436,2
DA:2437,2
DA:2440,6
DA:2441,6
DA:2462,6
DA:2463,6
DA:2464,6
DA:2465,6
DA:2467,102
DA:2468,96
DA:2469,22
DA:2471,11
DA:2472,22
DA:2473,11
DA:2478,11
DA:2480,0
DA:2481,0
DA:2482,11
DA:2483,0
DA:2484,0
DA:2485,0
DA:2486,0
DA:2493,11
DA:2495,0
DA:2496,0
DA:2497,0
DA:2498,0
DA:2499,0
DA:2500,11
DA:2501,11
DA:2502,11
DA:2503,0
DA:2504,0
DA:2505,0
DA:2506,0
DA:2507,0
DA:2508,0
DA:2509,0
DA:2512,0
DA:2513,0
DA:2514,0
DA:2515,0
DA:2516,0
DA:2517,11
DA:2518,0
DA:2519,0
DA:2520,0
DA:2521,0
DA:2522,0
DA:2523,11
DA:2525,0
DA:2526,0
DA:2527,0
DA:2528,0
DA:2529,0
DA:2530,0
DA:2532,0
DA:2536,11
DA:2541,11
DA:2543,0
DA:2544,0
DA:2545,0
DA:2546,0
DA:2547,0
DA:2548,11
DA:2551,11
DA:2552,0
DA:2556,11
DA:2557,0
DA:2558,0
DA:2559,0
DA:2560,0
DA:2561,0
DA:2562,0
DA:2564,22
DA:2565,11
DA:2566,11
DA:2567,11
DA:2568,11
DA:2572,22
DA:2573,22
DA:2574,96
DA:2577,6
DA:2578,0
DA:2579,0
DA:2580,0
DA:2581,0
DA:2582,0
DA:2583,0
DA:2584,0
DA:2585,0
DA:2586,0
DA:2587,0
DA:2588,0
DA:2589,0
DA:2591,0
DA:2592,0
DA:2593,0
DA:2594,0
DA:2595,0
DA:2596,0
DA:2597,0
DA:2598,0
DA:2599,0
DA:2600,0
DA:2601,0
DA:2602,0
DA:2603,0
DA:2604,0
DA:2607,0
DA:2608,0
DA:2609,0
DA:2610,0
DA:2611,0
DA:2614,0
DA:2615,0
DA:2616,0
DA:2621,6
DA:2622,6
DA:2623,6
DA:2625,6
DA:2626,6
DA:2627,6
DA:2628,6
DA:2629,0
DA:2630,0
DA:2631,0
DA:2632,0
DA:2633,6
DA:2635,0
DA:2636,0
DA:2637,0
DA:2638,0
DA:2639,0
DA:2640,0
DA:2642,0
DA:2643,6
DA:2644,6
DA:2645,6
DA:2647,8
DA:2648,8
DA:2649,8
DA:2650,8
DA:2651,8
DA:2652,8
DA:2653,8
DA:2654,8
DA:2655,8
DA:2656,8
DA:2658,8
DA:2660,8
DA:2661,8
DA:2663,0
DA:2664,0
DA:2667,8
DA:2668,8
DA:2669,0
DA:2671,8
DA:2672,8
DA:2673,8
DA:2674,8
DA:2676,0
DA:2677,8
DA:2679,8
DA:2681,5
DA:2682,3
DA:2684,3
DA:2685,0
DA:2686,0
DA:2687,0
DA:2688,0
DA:2689,0
DA:2690,3
DA:2691,3
DA:2692,0
DA:2693,0
DA:2694,0
DA:2695,0
DA:2696,0
DA:2697,0
DA:2698,0
DA:2701,0
DA:2702,0
DA:2703,0
DA:2704,0
DA:2705,5
DA:2706,1
DA:2707,1
DA:2708,1
DA:2709,0
DA:2710,0
DA:2711,0
DA:2712,0
DA:2713,0
DA:2714,0
DA:2715,0
DA:2718,0
DA:2719,0
DA:2720,0
DA:2721,0
DA:2722,0
DA:2723,2
DA:2724,1
DA:2725,1
DA:2726,1
DA:2727,0
DA:2728,0
DA:2729,0
DA:2730,0
DA:2731,0
DA:2732,0
DA:2733,0
DA:2736,0
DA:2737,0
DA:2738,0
DA:2739,0
DA:2740,0
DA:2741,1
DA:2742,5
DA:2744,3
DA:2745,3
DA:2746,3
DA:2749,8
DA:2750,0
DA:2751,0
DA:2753,0
DA:2754,0
DA:2755,8
DA:2757,1
DA:2758,1
DA:2759,1
DA:2761,1
DA:2763,1
DA:2764,1
DA:2765,1
DA:2766,1
DA:2767,1
DA:2768,0
DA:2769,0
DA:2770,0
DA:2772,1
DA:2774,2
DA:2789,2
DA:2793,2
DA:2802,0
DA:2803,0
DA:2805,0
DA:2806,0
DA:2812,0
DA:2816,0
DA:2819,0
DA:2820,0
DA:2821,0
DA:2822,0
DA:2823,0
DA:2824,0
DA:2825,0
DA:2826,0
DA:2828,0
DA:2833,0
DA:2834,0
DA:2835,0
DA:2838,0
DA:2839,0
DA:2841,0
DA:2842,0
DA:2843,0
DA:2844,0
DA:2845,0
DA:2846,0
DA:2847,0
DA:2849,0
DA:2850,0
DA:2851,0
DA:2852,0
DA:2853,0
DA:2854,0
DA:2857,0
DA:2858,0
DA:2859,0
DA:2860,0
DA:2861,0
DA:2863,0
DA:2866,0
DA:2872,0
DA:2873,0
DA:2875,0
DA:2876,0
DA:2878,0
DA:2882,1
DA:2883,1
DA:2885,1
DA:2887,1
DA:2888,1
DA:2889,1
DA:2891,1
DA:2892,1
DA:2893,0
DA:2894,0
DA:2896,1
DA:2900,1
DA:2901,1
DA:2902,1
DA:2903,1
DA:2904,1
DA:2907,1
DA:2908,1
DA:2910,0
DA:2916,0
DA:2917,0
DA:2919,0
DA:2920,0
DA:2921,0
DA:2922,0
DA:2923,0
DA:2924,0
DA:2925,0
DA:2927,0
DA:2928,0
DA:2929,0
DA:2931,0
DA:2935,0
DA:2936,0
DA:2939,0
DA:2940,0
DA:2941,0
DA:2942,0
DA:2948,1
DA:2952,1
DA:2953,0
DA:2954,0
DA:2955,0
DA:2956,0
DA:2957,1
DA:2958,1
DA:2959,1
DA:2961,2
DA:2963,7
DA:2967,7
DA:2970,7
DA:2972,14
DA:2973,7
DA:2974,7
DA:2975,7
DA:2976,7
DA:2977,7
DA:2978,7
DA:2980,7
DA:2982,0
DA:2983,0
DA:2984,0
DA:2985,0
DA:2986,0
DA:2989,0
DA:2992,0
DA:2993,0
DA:2994,0
DA:2995,0
DA:2996,0
DA:3000,0
DA:3001,0
DA:3002,0
DA:3003,0
DA:3004,0
DA:3007,0
DA:3008,0
DA:3009,0
DA:3010,0
DA:3011,0
DA:3014,0
DA:3015,0
DA:3016,0
DA:3017,0
DA:3018,0
DA:3021,0
DA:3022,0
DA:3023,0
DA:3024,0
DA:3025,0
DA:3032,0
DA:3037,0
DA:3038,0
DA:3039,0
DA:3040,0
DA:3041,0
DA:3043,0
DA:3044,0
DA:3045,0
DA:3046,0
DA:3048,0
DA:3049,0
DA:3050,0
DA:3051,0
DA:3052,0
DA:3053,0
DA:3056,0
DA:3057,0
DA:3058,0
DA:3059,0
DA:3061,0
DA:3062,0
DA:3063,0
DA:3064,0
DA:3068,0
DA:3069,0
DA:3071,0
DA:3072,0
DA:3073,0
DA:3074,0
DA:3075,0
DA:3076,0
DA:3077,0
DA:3078,0
DA:3079,0
DA:3081,0
DA:3083,0
DA:3084,0
DA:3087,0
DA:3088,0
DA:3089,0
DA:3090,0
DA:3091,0
DA:3092,0
DA:3093,0
DA:3097,0
DA:3098,0
DA:3099,0
DA:3100,0
DA:3101,0
DA:3102,0
DA:3103,0
DA:3104,0
DA:3107,0
DA:3108,0
DA:3110,0
DA:3111,0
DA:3121,0
DA:3122,0
DA:3125,0
DA:3126,0
DA:3129,0
DA:3133,1
DA:3134,1
DA:3135,1
DA:3140,0
DA:3141,0
DA:3142,0
DA:3143,0
DA:3144,0
DA:3145,0
DA:3147,0
DA:3148,0
DA:3149,1
DA:3150,1
DA:3151,1
DA:3152,1
DA:3153,1
DA:3155,1
DA:3159,0
DA:3160,0
DA:3161,0
DA:3162,0
DA:3163,0
DA:3164,0
DA:3165,0
DA:3166,0
DA:3167,0
DA:3169,0
DA:3170,0
DA:3171,0
DA:3172,0
DA:3173,0
DA:3174,0
DA:3175,0
DA:3177,0
DA:3181,1
DA:3182,1
DA:3183,1
DA:3185,13
DA:3186,12
DA:3188,5
DA:3189,4
DA:3190,2
DA:3191,2
DA:3192,2
DA:3193,2
DA:3195,4
DA:3197,1
DA:3198,1
DA:3204,1
DA:3206,1
DA:3207,1
DA:3210,1
DA:3211,1
DA:3212,1
DA:3218,0
DA:3219,0
DA:3220,0
DA:3221,0
DA:3222,0
DA:3224,0
DA:3225,0
DA:3226,0
DA:3229,0
DA:3230,0
DA:3231,0
DA:3232,0
DA:3239,0
DA:3240,0
DA:3242,0
DA:3243,0
DA:3244,0
DA:3245,0
DA:3246,0
DA:3257,0
DA:3258,0
DA:3260,0
DA:3261,0
DA:3262,0
DA:3263,0
DA:3264,0
DA:3265,0
DA:3266,0
DA:3267,0
DA:3268,0
DA:3269,0
DA:3270,0
DA:3271,0
DA:3274,0
DA:3275,0
DA:3276,0
DA:3277,0
DA:3278,0
DA:3279,0
DA:3280,0
DA:3281,0
DA:3282,0
DA:3283,0
DA:3284,0
DA:3285,0
DA:3288,0
DA:3289,0
DA:3290,0
DA:3291,0
DA:3295,0
DA:3296,0
DA:3297,0
DA:3298,0
DA:3300,0
DA:3302,0
DA:3303,0
DA:3308,4
DA:3309,4
DA:3311,4
DA:3312,4
DA:3316,4
DA:3318,4
DA:3330,4
DA:3331,4
DA:3332,4
DA:3334,4
DA:3335,0
DA:3336,0
DA:3337,0
DA:3340,4
DA:3341,3
DA:3342,27
DA:3343,48
DA:3344,24
DA:3345,8
DA:3346,24
DA:3347,24
DA:3348,24
DA:3351,24
DA:3352,0
DA:3353,0
DA:3354,24
DA:3355,3
DA:3356,9
DA:3357,8
DA:3358,16
DA:3359,8
DA:3360,0
DA:3361,8
DA:3362,8
DA:3363,8
DA:3364,8
DA:3367,8
DA:3368,0
DA:3369,0
DA:3370,8
DA:3374,4
DA:3375,4
DA:3376,4
DA:3377,4
DA:3379,4
DA:3381,4
DA:3382,4
DA:3387,0
DA:3388,0
DA:3397,0
DA:3398,0
DA:3399,0
DA:3401,0
DA:3403,0
DA:3404,0
DA:3405,0
DA:3406,0
DA:3407,0
DA:3408,0
DA:3409,0
DA:3412,0
DA:3413,0
DA:3414,0
DA:3419,0
DA:3420,0
DA:3421,0
DA:3422,0
DA:3427,0
DA:3428,0
DA:3429,0
DA:3430,0
DA:3433,0
DA:3434,0
DA:3435,0
DA:3436,0
DA:3437,0
DA:3438,0
DA:3439,0
DA:3440,0
DA:3441,0
DA:3442,0
DA:3443,0
DA:3444,0
DA:3446,0
DA:3447,0
DA:3448,0
DA:3449,0
DA:3457,0
DA:3458,0
DA:3459,0
DA:3460,0
DA:3462,0
DA:3464,0
DA:3465,0
DA:3466,0
DA:3467,0
DA:3470,0
DA:3471,0
DA:3472,0
DA:3479,0
DA:3480,0
DA:3481,0
DA:3482,0
DA:3483,0
DA:3486,0
DA:3487,0
DA:3488,0
DA:3489,0
DA:3491,0
DA:3492,0
DA:3493,0
DA:3494,0
DA:3501,0
DA:3502,0
DA:3503,0
DA:3505,0
DA:3506,0
DA:3507,0
DA:3508,0
DA:3510,0
DA:3511,0
DA:3512,0
DA:3513,0
DA:3514,0
DA:3516,0
DA:3517,0
DA:3518,0
DA:3519,0
DA:3520,0
DA:3522,0
DA:3523,0
DA:3524,0
DA:3525,0
DA:3528,0
DA:3529,0
DA:3530,0
DA:3532,0
DA:3533,0
DA:3535,0
DA:3536,0
DA:3537,0
DA:3538,0
DA:3539,0
DA:3540,0
DA:3541,0
DA:3542,0
DA:3543,0
DA:3544,0
DA:3548,0
DA:3549,0
DA:3550,0
DA:3551,0
DA:3552,0
DA:3553,0
DA:3554,0
DA:3559,0
DA:3560,0
DA:3561,0
DA:3562,0
DA:3566,0
DA:3567,0
DA:3570,0
DA:3571,0
DA:3572,0
DA:3573,0
DA:3574,0
DA:3575,0
DA:3576,0
DA:3579,0
DA:3581,0
DA:3582,0
DA:3583,0
DA:3584,0
DA:3585,0
DA:3586,0
DA:3587,0
DA:3589,0
DA:3590,0
DA:3591,0
DA:3593,0
DA:3594,0
DA:3596,0
DA:3597,0
DA:3599,0
DA:3600,0
DA:3601,0
DA:3602,0
DA:3603,0
DA:3605,0
DA:3606,0
DA:3607,0
DA:3608,0
DA:3609,0
DA:3610,0
DA:3611,0
DA:3612,0
DA:3613,0
DA:3614,0
DA:3616,0
DA:3617,0
DA:3619,0
DA:3620,0
DA:3621,0
DA:3622,0
DA:3624,0
DA:3625,0
DA:3626,0
DA:3627,0
DA:3628,0
DA:3629,0
DA:3630,0
DA:3631,0
DA:3632,0
DA:3634,0
DA:3635,0
DA:3637,0
DA:3638,0
DA:3640,0
DA:3646,0
DA:3647,0
DA:3648,0
DA:3651,0
DA:3652,0
DA:3653,0
DA:3654,0
DA:3655,0
DA:3656,0
DA:3657,0
DA:3658,0
DA:3659,0
DA:3660,0
DA:3661,0
DA:3662,0
DA:3663,0
DA:3664,0
DA:3665,0
DA:3666,0
DA:3667,0
DA:3668,0
DA:3669,0
DA:3670,0
DA:3672,0
DA:3679,0
DA:3680,0
DA:3683,0
DA:3684,0
DA:3685,0
DA:3688,0
DA:3690,0
DA:3691,0
DA:3693,0
DA:3694,0
DA:3695,0
DA:3696,0
DA:3698,0
DA:3699,0
DA:3700,0
DA:3701,0
DA:3703,0
DA:3707,0
DA:3710,0
DA:3713,0
DA:3716,0
DA:3719,0
DA:3721,0
DA:3722,0
DA:3724,0
DA:3726,0
DA:3727,0
DA:3730,0
DA:3731,0
DA:3734,0
DA:3735,0
DA:3739,0
DA:3742,0
DA:3744,0
DA:3745,0
DA:3747,0
DA:3748,0
DA:3749,0
DA:3751,0
DA:3754,0
DA:3756,0
DA:3757,0
DA:3759,0
DA:3760,0
DA:3761,0
DA:3767,0
DA:3768,0
DA:3771,0
DA:3772,0
DA:3775,0
DA:3776,0
DA:3777,0
DA:3778,0
DA:3779,0
DA:3780,0
DA:3781,0
DA:3782,0
DA:3783,0
DA:3784,0
DA:3785,0
DA:3786,0
DA:3793,0
DA:3795,0
DA:3796,0
DA:3797,0
DA:3798,0
DA:3799,0
DA:3802,0
DA:3803,0
DA:3805,0
DA:3810,0
DA:3811,0
DA:3812,0
DA:3814,0
DA:3815,0
DA:3818,0
DA:3820,0
DA:3821,0
DA:3822,0
DA:3823,0
DA:3824,0
DA:3825,0
DA:3826,0
DA:3828,0
DA:3829,0
DA:3830,0
DA:3832,0
DA:3833,0
DA:3835,0
DA:3837,0
DA:3838,0
DA:3840,0
DA:3841,0
DA:3842,0
DA:3843,0
DA:3844,0
DA:3845,0
DA:3846,0
DA:3847,0
DA:3848,0
DA:3850,0
DA:3851,0
DA:3853,0
DA:3854,0
DA:3855,0
DA:3856,0
DA:3858,0
DA:3860,0
DA:3861,0
DA:3862,0
DA:3863,0
DA:3864,0
DA:3865,0
DA:3866,0
DA:3867,0
DA:3868,0
DA:3869,0
DA:3871,0
DA:3872,0
DA:3874,0
DA:3875,0
DA:3876,0
DA:3883,0
DA:3884,0
DA:3885,0
DA:3887,0
DA:3894,0
DA:3895,0
DA:3897,0
DA:3898,0
DA:3899,0
DA:3901,0
DA:3903,0
DA:3904,0
DA:3905,0
DA:3906,0
DA:3907,0
DA:3908,0
DA:3909,0
DA:3910,0
DA:3911,0
DA:3913,0
DA:3914,0
DA:3915,0
DA:3916,0
DA:3917,0
DA:3918,0
DA:3920,0
DA:3926,0
DA:3933,0
DA:3934,0
DA:3936,0
DA:3937,0
DA:3938,0
DA:3941,0
DA:3942,0
DA:3943,0
DA:3950,7
DA:3951,7
DA:3953,8
DA:3954,8
DA:3955,0
DA:3956,8
DA:3957,8
DA:3958,8
DA:3960,0
DA:3961,0
DA:3962,0
DA:3963,0
DA:3966,41
DA:4020,41
DA:4021,1
DA:4022,1
DA:4023,1
DA:4024,1
DA:4025,1
DA:4027,1
DA:4028,1
DA:4029,1
DA:4031,1
DA:4032,0
DA:4033,0
DA:4034,0
DA:4035,0
DA:4036,0
DA:4037,1
DA:4038,1
DA:4039,1
DA:4040,1
DA:4043,1
DA:4044,1
DA:4045,1
DA:4046,0
DA:4047,0
DA:4048,0
DA:4050,1
DA:4053,0
DA:4054,1
DA:4057,40
DA:4058,1
DA:4059,1
DA:4060,1
DA:4061,1
DA:4063,1
DA:4064,1
DA:4065,1
DA:4066,1
DA:4067,1
DA:4068,1
DA:4069,0
DA:4070,0
DA:4071,0
DA:4072,0
DA:4073,0
DA:4090,1
DA:4091,1
DA:4092,1
DA:4093,1
DA:4094,1
DA:4095,0
DA:4096,0
DA:4097,0
DA:4099,1
DA:4102,0
DA:4103,1
DA:4106,39
DA:4107,11
DA:4108,11
DA:4109,11
DA:4111,11
DA:4112,6
DA:4113,6
DA:4114,6
DA:4115,0
DA:4116,0
DA:4117,0
DA:4118,6
DA:4119,11
DA:4120,5
DA:4121,5
DA:4122,5
DA:4123,10
DA:4124,5
DA:4125,5
DA:4126,0
DA:4127,0
DA:4128,0
DA:4129,0
DA:4130,0
DA:4131,0
DA:4132,0
DA:4133,0
DA:4134,0
DA:4135,0
DA:4136,0
DA:4137,0
DA:4138,0
DA:4139,0
DA:4140,0
DA:4141,0
DA:4142,0
DA:4143,0
DA:4144,0
DA:4145,0
DA:4146,0
DA:4147,0
DA:4148,0
DA:4149,0
DA:4150,11
DA:4153,28
DA:4154,7
DA:4155,7
DA:4156,7
DA:4158,7
DA:4159,7
DA:4160,7
DA:4162,7
DA:4164,1
DA:4165,1
DA:4167,1
DA:4168,1
DA:4169,1
DA:4170,0
DA:4171,0
DA:4173,1
DA:4175,0
DA:4176,0
DA:4178,0
DA:4179,0
DA:4180,0
DA:4181,0
DA:4182,0
DA:4184,0
DA:4187,1
DA:4188,1
DA:4189,1
DA:4190,1
DA:4191,1
DA:4193,1
DA:4194,1
DA:4195,1
DA:4196,0
DA:4197,0
DA:4199,1
DA:4203,1
DA:4204,1
DA:4205,1
DA:4206,1
DA:4207,1
DA:4209,1
DA:4210,1
DA:4211,1
DA:4212,0
DA:4213,0
DA:4215,1
DA:4219,1
DA:4220,1
DA:4221,1
DA:4222,1
DA:4223,1
DA:4225,1
DA:4226,1
DA:4227,1
DA:4228,0
DA:4229,0
DA:4231,1
DA:4235,0
DA:4236,0
DA:4237,0
DA:4238,0
DA:4239,0
DA:4240,0
DA:4241,0
DA:4242,0
DA:4243,0
DA:4245,0
DA:4246,0
DA:4247,0
DA:4248,0
DA:4249,0
DA:4251,0
DA:4255,0
DA:4256,0
DA:4257,0
DA:4258,0
DA:4259,0
DA:4260,0
DA:4262,0
DA:4263,0
DA:4264,0
DA:4265,0
DA:4266,0
DA:4268,0
DA:4275,1
DA:4276,1
DA:4277,1
DA:4278,0
DA:4279,0
DA:4280,1
DA:4281,1
DA:4282,1
DA:4283,1
DA:4284,1
DA:4285,0
DA:4288,1
DA:4289,1
DA:4291,1
DA:4292,1
DA:4293,1
DA:4294,0
DA:4295,0
DA:4297,1
DA:4300,0
DA:4301,0
DA:4302,0
DA:4304,1
DA:4305,1
DA:4307,1
DA:4308,1
DA:4309,1
DA:4310,0
DA:4311,0
DA:4313,1
DA:4315,0
DA:4316,0
DA:4317,0
DA:4318,0
DA:4319,0
DA:4321,0
DA:4322,0
DA:4323,0
DA:4324,0
DA:4325,0
DA:4327,0
DA:4328,0
DA:4330,0
DA:4331,0
DA:4332,0
DA:4333,0
DA:4334,0
DA:4336,0
DA:4338,1
DA:4339,1
DA:4341,1
DA:4342,1
DA:4343,1
DA:4344,0
DA:4345,0
DA:4347,1
DA:4349,0
DA:4350,0
DA:4352,0
DA:4353,0
DA:4354,0
DA:4355,0
DA:4356,0
DA:4358,0
DA:4360,0
DA:4361,0
DA:4363,0
DA:4364,0
DA:4365,0
DA:4366,0
DA:4367,0
DA:4369,0
DA:4371,7
DA:4374,21
DA:4378,2
DA:4379,2
DA:4380,2
DA:4381,2
DA:4382,2
DA:4384,2
DA:4385,2
DA:4387,2
DA:4389,1
DA:4390,1
DA:4392,0
DA:4393,0
DA:4394,0
DA:4395,0
DA:4397,0
DA:4398,0
DA:4399,0
DA:4401,0
DA:4402,0
DA:4404,1
DA:4405,1
DA:4406,1
DA:4407,0
DA:4408,0
DA:4409,0
DA:4412,2
DA:4414,1
DA:4415,1
DA:4416,1
DA:4417,1
DA:4418,1
DA:4419,1
DA:4420,1
DA:4425,0
DA:4427,0
DA:4428,0
DA:4429,0
DA:4430,0
DA:4432,0
DA:4433,0
DA:4434,0
DA:4437,0
DA:4438,0
DA:4440,0
DA:4441,0
DA:4442,0
DA:4456,0
DA:4457,0
DA:4458,0
DA:4459,0
DA:4460,0
DA:4462,0
DA:4463,0
DA:4464,0
DA:4465,0
DA:4466,0
DA:4468,0
DA:4470,0
DA:4471,0
DA:4473,0
DA:4474,0
DA:4475,0
DA:4476,0
DA:4477,0
DA:4478,0
DA:4479,0
DA:4480,0
DA:4483,0
DA:4484,0
DA:4485,0
DA:4486,0
DA:4509,0
DA:4510,0
DA:4511,0
DA:4512,0
DA:4513,0
DA:4514,0
DA:4515,0
DA:4516,0
DA:4517,0
DA:4518,0
DA:4519,0
DA:4520,0
DA:4521,0
DA:4522,0
DA:4523,0
DA:4525,0
DA:4526,2
DA:4529,19
DA:4530,1
DA:4531,1
DA:4532,1
DA:4533,1
DA:4535,1
DA:4538,0
DA:4539,1
DA:4544,18
DA:4545,1
DA:4546,1
DA:4547,1
DA:4548,1
DA:4549,1
DA:4551,1
DA:4552,1
DA:4553,1
DA:4554,0
DA:4555,0
DA:4558,1
DA:4559,1
DA:4560,1
DA:4561,1
DA:4562,0
DA:4563,0
DA:4564,2
DA:4565,1
DA:4566,1
DA:4568,1
DA:4569,0
DA:4570,0
DA:4571,0
DA:4572,0
DA:4573,0
DA:4574,0
DA:4575,0
DA:4578,1
DA:4581,17
DA:4582,0
DA:4583,0
DA:4584,0
DA:4585,0
DA:4586,0
DA:4588,0
DA:4590,0
DA:4591,0
DA:4592,0
DA:4593,0
DA:4594,0
DA:4595,0
DA:4596,0
DA:4598,0
DA:4599,0
DA:4600,0
DA:4601,0
DA:4602,0
DA:4605,0
DA:4608,17
DA:4609,0
DA:4618,0
DA:4619,0
DA:4620,0
DA:4621,0
DA:4623,0
DA:4638,0
DA:4639,0
DA:4640,0
DA:4641,0
DA:4642,0
DA:4643,0
DA:4644,0
DA:4645,0
DA:4646,0
DA:4647,0
DA:4648,0
DA:4650,0
DA:4651,0
DA:4652,0
DA:4654,0
DA:4655,0
DA:4656,0
DA:4657,0
DA:4660,0
DA:4663,17
DA:4664,0
DA:4665,0
DA:4666,0
DA:4667,0
DA:4669,0
DA:4671,0
DA:4672,0
DA:4673,0
DA:4686,0
DA:4688,0
DA:4693,17
DA:4694,1
DA:4695,1
DA:4696,1
DA:4697,1
DA:4699,1
DA:4700,1
DA:4701,1
DA:4704,16
DA:4705,2
DA:4706,2
DA:4707,2
DA:4709,2
DA:4711,2
DA:4713,1
DA:4714,1
DA:4716,2
DA:4717,1
DA:4718,1
DA:4719,1
DA:4721,2
DA:4724,14
DA:4725,2
DA:4726,2
DA:4727,2
DA:4729,2
DA:4730,2
DA:4754,18
DA:4755,16
DA:4756,4
DA:4757,2
DA:4758,2
DA:4764,4
DA:4765,2
DA:4766,0
DA:4767,2
DA:4768,2
DA:4770,4
DA:4771,4
DA:4772,16
DA:4780,2
DA:4781,2
DA:4784,12
DA:4785,2
DA:4786,2
DA:4787,2
DA:4789,2
DA:4790,2
DA:4791,1
DA:4793,1
DA:4795,2
DA:4796,0
DA:4799,0
DA:4800,0
DA:4801,2
DA:4804,10
DA:4805,4
DA:4806,4
DA:4807,4
DA:4809,4
DA:4811,4
DA:4816,2
DA:4817,2
DA:4818,2
DA:4819,0
DA:4820,18
DA:4821,20
DA:4822,4
DA:4824,2
DA:4825,2
DA:4826,2
DA:4838,18
DA:4839,16
DA:4840,8
DA:4841,4
DA:4842,4
DA:4843,4
DA:4844,4
DA:4845,4
DA:4846,16
DA:4847,2
DA:4848,0
DA:4849,0
DA:4850,0
DA:4851,0
DA:4852,0
DA:4853,2
DA:4858,2
DA:4859,2
DA:4872,18
DA:4873,16
DA:4874,4
DA:4875,8
DA:4876,4
DA:4877,4
DA:4878,4
DA:4879,4
DA:4880,16
DA:4881,2
DA:4882,0
DA:4883,0
DA:4884,0
DA:4891,0
DA:4892,0
DA:4893,0
DA:4894,0
DA:4895,0
DA:4897,2
DA:4915,4
DA:4918,6
DA:4919,4
DA:4920,4
DA:4922,4
DA:4923,1
DA:4939,1
DA:4943,1
DA:4944,1
DA:4945,1
DA:4946,1
DA:4947,1
DA:4949,3
DA:4951,4
DA:4954,2
DA:4955,0
DA:4956,0
DA:4957,0
DA:4958,0
DA:4960,0
DA:4961,0
DA:4962,0
DA:4965,0
DA:4966,0
DA:4967,0
DA:4968,0
DA:4969,0
DA:4972,2
DA:4973,2
DA:4974,2
DA:4976,2
DA:4977,1
DA:4978,1
DA:4979,0
DA:4982,1
DA:4983,1
DA:4984,1
DA:4985,1
DA:4986,1
DA:4988,1
DA:4990,1
DA:4992,1
DA:4994,2
DA:4997,41
DA:4999,0
DA:5001,0
DA:5002,0
DA:5004,1
DA:5006,1
DA:5009,2
DA:5012,2
DA:5013,2
DA:5014,2
DA:5015,2
DA:5016,2
DA:5017,2
DA:5019,2
DA:5020,2
DA:5021,2
DA:5023,2
DA:5024,1
DA:5025,1
DA:5027,2
DA:5029,2
DA:5030,0
DA:5031,0
DA:5032,2
DA:5034,4
DA:5037,4
DA:5038,4
DA:5039,4
DA:5040,4
DA:5041,4
DA:5042,4
DA:5043,4
DA:5044,4
DA:5048,4
DA:5049,2
DA:5050,2
DA:5051,2
DA:5052,2
DA:5053,2
DA:5054,2
DA:5055,2
DA:5058,4
DA:5059,2
DA:5060,2
DA:5061,2
DA:5063,4
DA:5064,4
DA:5066,4
DA:5068,0
DA:5070,0
DA:5072,0
DA:5073,4
DA:5075,1
DA:5078,1
DA:5079,1
DA:5081,1
DA:5082,0
DA:5083,0
DA:5084,1
DA:5086,1
DA:5088,1
DA:5089,1
DA:5090,1
DA:5091,1
DA:5092,1
DA:5094,1
DA:5095,0
DA:5096,0
DA:5097,0
DA:5098,0
DA:5099,0
DA:5100,0
DA:5101,0
DA:5103,0
DA:5104,1
DA:5105,1
DA:5108,1
DA:5109,1
DA:5116,1
DA:5117,0
DA:5118,1
DA:5119,0
DA:5120,1
DA:5121,0
DA:5122,1
DA:5123,1
DA:5125,1
DA:5127,0
DA:5128,0
DA:5130,1
DA:5131,1
DA:5133,1
DA:5134,0
DA:5135,0
DA:5136,0
DA:5139,0
DA:5140,0
DA:5141,0
DA:5145,1
DA:5146,0
DA:5147,0
DA:5149,1
DA:5152,1
DA:5154,1
DA:5155,0
DA:5156,0
DA:5159,0
DA:5160,0
DA:5161,0
DA:5162,0
DA:5163,0
DA:5165,1
LF:3030
LH:1127
end_of_record
TN:
SF:/Users/alexwaldmann/Desktop/AIO Server/src/emulator/gba/GBA.cpp
FNL:0,20,21
FNA:0,0,_ZN3AIO8Emulator3GBA12_GLOBAL__N_19EnvTruthyEPKc
FNL:1,24,27
FNA:1,0,_ZN3AIO8Emulator3GBA12_GLOBAL__N_113EnvFlagCachedILm19EEEbRAT__Kc
FNL:2,263,364
FNA:2,0,_ZN3AIO8Emulator3GBA3GBA30ConfigureBootStateFromMetadataERKNS1_11ROMMetadataE
FNL:3,29,29
FNA:3,0,_ZN3AIO8Emulator3GBA12_GLOBAL__N_112TraceGbaSpamEv
FNL:4,32,35
FNA:4,0,_ZN3AIO8Emulator3GBA3GBA10WriteMem16Ejt
FNL:5,366,378
FNA:5,0,_ZN3AIO8Emulator3GBA3GBA8SaveGameEv
FNL:6,37,56
FNA:6,0,_ZN3AIO8Emulator3GBA3GBAC1Ev
FNA:6,0,_ZN3AIO8Emulator3GBA3GBAC2Ev
FNL:7,380,390
FNA:7,0,_ZN3AIO8Emulator3GBA3GBA5ResetEv
FNL:8,392,557
FNA:8,0,_ZN3AIO8Emulator3GBA3GBA4StepEv
FNL:9,559,559
FNA:9,0,_ZNK3AIO8Emulator3GBA3GBA11IsCPUHaltedEv
FNL:10,561,565
FNA:10,0,_ZN3AIO8Emulator3GBA3GBA11UpdateInputEt
FNL:11,567,571
FNA:11,0,_ZN3AIO8Emulator3GBA3GBA7ReadMemEj
FNL:12,573,577
FNA:12,0,_ZN3AIO8Emulator3GBA3GBA9ReadMem16Ej
FNL:13,579,583
FNA:13,0,_ZN3AIO8Emulator3GBA3GBA9ReadMem32Ej
FNL:14,58,58
FNA:14,0,_ZN3AIO8Emulator3GBA3GBAD1Ev
FNA:14,0,_ZN3AIO8Emulator3GBA3GBAD2Ev
FNL:15,585,588
FNA:15,0,_ZN3AIO8Emulator3GBA3GBA8WriteMemEjj
FNL:16,590,594
FNA:16,0,_ZNK3AIO8Emulator3GBA3GBA5GetPCEv
FNL:17,596,600
FNA:17,0,_ZNK3AIO8Emulator3GBA3GBA11IsThumbModeEv
FNL:18,60,261
FNA:18,0,_ZN3AIO8Emulator3GBA3GBA7LoadROMERKNSt3__112basic_stringIcNS3_11char_traitsIcEENS3_9allocatorIcEEEE
FNL:19,602,602
FNA:19,0,_ZNK3AIO8Emulator3GBA3GBA11GetRegisterEi
FNL:20,604,607
FNA:20,0,_ZN3AIO8Emulator3GBA3GBA11SetRegisterEij
FNL:21,609,613
FNA:21,0,_ZNK3AIO8Emulator3GBA3GBA7GetCPSREv
FNL:22,615,619
FNA:22,0,_ZN3AIO8Emulator3GBA3GBA8PatchROMEjj
FNL:23,621,625
FNA:23,0,_ZN3AIO8Emulator3GBA3GBA15ApplyROMPatchesERKNS1_11ROMMetadataE
FNL:24,628,631
FNA:24,0,_ZN3AIO8Emulator3GBA3GBA13AddBreakpointEj
FNL:25,633,636
FNA:25,0,_ZN3AIO8Emulator3GBA3GBA16ClearBreakpointsEv
FNL:26,638,641
FNA:26,0,_ZN3AIO8Emulator3GBA3GBA13SetSingleStepEb
FNL:27,643,647
FNA:27,0,_ZNK3AIO8Emulator3GBA3GBA8IsHaltedEv
FNL:28,649,652
FNA:28,0,_ZN3AIO8Emulator3GBA3GBA8ContinueEv
FNL:29,654,657
FNA:29,0,_ZNK3AIO8Emulator3GBA3GBA12DumpCPUStateERNSt3__113basic_ostreamIcNS3_11char_traitsIcEEEE
FNL:30,659,665
FNA:30,0,_ZN3AIO8Emulator3GBA3GBA28FlushPendingPeripheralCyclesEv
FNL:31,667,670
FNA:31,0,_ZN3AIO8Emulator3GBA3GBA8StepBackEv
FNF:32
FNH:0
DA:20,0
DA:21,0
DA:24,0
DA:25,0
DA:26,0
DA:27,0
DA:29,0
DA:32,0
DA:33,0
DA:34,0
DA:35,0
DA:37,0
DA:56,0
DA:58,0
DA:60,0
DA:61,0
DA:64,0
DA:65,0
DA:67,0
DA:68,0
DA:69,0
DA:72,0
DA:73,0
DA:74,0
DA:75,0
DA:76,0
DA:77,0
DA:78,0
DA:79,0
DA:82,0
DA:83,0
DA:84,0
DA:85,0
DA:86,0
DA:87,0
DA:88,0
DA:89,0
DA:91,0
DA:92,0
DA:94,0
DA:95,0
DA:96,0
DA:98,0
DA:99,0
DA:102,0
DA:103,0
DA:105,0
DA:106,0
DA:107,0
DA:108,0
DA:111,0
DA:114,0
DA:117,0
DA:121,0
DA:124,0
DA:125,0
DA:126,0
DA:127,0
DA:128,0
DA:129,0
DA:132,0
DA:135,0
DA:137,0
DA:138,0
DA:139,0
DA:140,0
DA:141,0
DA:142,0
DA:143,0
DA:144,0
DA:147,0
DA:148,0
DA:149,0
DA:151,0
DA:152,0
DA:153,0
DA:155,0
DA:156,0
DA:157,0
DA:158,0
DA:159,0
DA:160,0
DA:161,0
DA:162,0
DA:163,0
DA:164,0
DA:165,0
DA:166,0
DA:167,0
DA:168,0
DA:169,0
DA:170,0
DA:171,0
DA:172,0
DA:173,0
DA:174,0
DA:175,0
DA:176,0
DA:177,0
DA:181,0
DA:182,0
DA:183,0
DA:184,0
DA:185,0
DA:186,0
DA:187,0
DA:188,0
DA:189,0
DA:192,0
DA:193,0
DA:194,0
DA:195,0
DA:196,0
DA:197,0
DA:198,0
DA:199,0
DA:200,0
DA:201,0
DA:202,0
DA:203,0
DA:204,0
DA:205,0
DA:206,0
DA:207,0
DA:208,0
DA:210,0
DA:212,0
DA:215,0
DA:219,0
DA:220,0
DA:221,0
DA:222,0
DA:227,0
DA:228,0
DA:229,0
DA:230,0
DA:231,0
DA:233,0
DA:234,0
DA:235,0
DA:236,0
DA:237,0
DA:239,0
DA:243,0
DA:244,0
DA:245,0
DA:246,0
DA:247,0
DA:248,0
DA:250,0
DA:251,0
DA:252,0
DA:253,0
DA:254,0
DA:255,0
DA:256,0
DA:257,0
DA:259,0
DA:260,0
DA:261,0
DA:263,0
DA:265,0
DA:266,0
DA:269,0
DA:270,0
DA:272,0
DA:274,0
DA:276,0
DA:277,0
DA:279,0
DA:281,0
DA:283,0
DA:284,0
DA:286,0
DA:287,0
DA:290,0
DA:291,0
DA:293,0
DA:294,0
DA:295,0
DA:297,0
DA:298,0
DA:299,0
DA:301,0
DA:302,0
DA:303,0
DA:305,0
DA:306,0
DA:307,0
DA:309,0
DA:310,0
DA:311,0
DA:313,0
DA:314,0
DA:315,0
DA:317,0
DA:318,0
DA:321,0
DA:322,0
DA:324,0
DA:325,0
DA:327,0
DA:328,0
DA:330,0
DA:331,0
DA:333,0
DA:334,0
DA:336,0
DA:337,0
DA:339,0
DA:340,0
DA:342,0
DA:343,0
DA:345,0
DA:346,0
DA:348,0
DA:349,0
DA:351,0
DA:356,0
DA:357,0
DA:358,0
DA:363,0
DA:364,0
DA:366,0
DA:367,0
DA:368,0
DA:370,0
DA:371,0
DA:372,0
DA:374,0
DA:375,0
DA:376,0
DA:377,0
DA:378,0
DA:380,0
DA:381,0
DA:382,0
DA:383,0
DA:384,0
DA:385,0
DA:386,0
DA:387,0
DA:388,0
DA:389,0
DA:390,0
DA:392,0
DA:393,0
DA:394,0
DA:396,0
DA:402,0
DA:406,0
DA:407,0
DA:408,0
DA:409,0
DA:410,0
DA:411,0
DA:412,0
DA:413,0
DA:414,0
DA:415,0
DA:416,0
DA:417,0
DA:419,0
DA:420,0
DA:421,0
DA:422,0
DA:423,0
DA:424,0
DA:425,0
DA:426,0
DA:427,0
DA:428,0
DA:429,0
DA:430,0
DA:436,0
DA:437,0
DA:438,0
DA:439,0
DA:440,0
DA:441,0
DA:442,0
DA:443,0
DA:444,0
DA:445,0
DA:446,0
DA:447,0
DA:448,0
DA:452,0
DA:453,0
DA:457,0
DA:464,0
DA:465,0
DA:468,0
DA:471,0
DA:472,0
DA:473,0
DA:475,0
DA:476,0
DA:478,0
DA:483,0
DA:485,0
DA:486,0
DA:487,0
DA:488,0
DA:489,0
DA:491,0
DA:492,0
DA:493,0
DA:494,0
DA:495,0
DA:496,0
DA:497,0
DA:498,0
DA:499,0
DA:500,0
DA:501,0
DA:502,0
DA:503,0
DA:504,0
DA:505,0
DA:506,0
DA:507,0
DA:508,0
DA:514,0
DA:515,0
DA:516,0
DA:517,0
DA:518,0
DA:519,0
DA:521,0
DA:531,0
DA:532,0
DA:533,0
DA:534,0
DA:535,0
DA:536,0
DA:537,0
DA:538,0
DA:539,0
DA:540,0
DA:541,0
DA:542,0
DA:543,0
DA:544,0
DA:545,0
DA:546,0
DA:547,0
DA:548,0
DA:549,0
DA:551,0
DA:552,0
DA:553,0
DA:554,0
DA:556,0
DA:557,0
DA:559,0
DA:561,0
DA:562,0
DA:563,0
DA:564,0
DA:565,0
DA:567,0
DA:568,0
DA:569,0
DA:570,0
DA:571,0
DA:573,0
DA:574,0
DA:575,0
DA:576,0
DA:577,0
DA:579,0
DA:580,0
DA:581,0
DA:582,0
DA:583,0
DA:585,0
DA:586,0
DA:587,0
DA:588,0
DA:590,0
DA:591,0
DA:592,0
DA:593,0
DA:594,0
DA:596,0
DA:597,0
DA:598,0
DA:599,0
DA:600,0
DA:602,0
DA:604,0
DA:605,0
DA:606,0
DA:607,0
DA:609,0
DA:610,0
DA:611,0
DA:612,0
DA:613,0
DA:615,0
DA:616,0
DA:617,0
DA:618,0
DA:619,0
DA:621,0
DA:624,0
DA:625,0
DA:628,0
DA:629,0
DA:630,0
DA:631,0
DA:633,0
DA:634,0
DA:635,0
DA:636,0
DA:638,0
DA:639,0
DA:640,0
DA:641,0
DA:643,0
DA:644,0
DA:645,0
DA:646,0
DA:647,0
DA:649,0
DA:650,0
DA:651,0
DA:652,0
DA:654,0
DA:655,0
DA:656,0
DA:657,0
DA:659,0
DA:660,0
DA:661,0
DA:662,0
DA:663,0
DA:664,0
DA:665,0
DA:667,0
DA:668,0
DA:669,0
DA:670,0
LF:444
LH:0
end_of_record
TN:
SF:/Users/alexwaldmann/Desktop/AIO Server/src/emulator/gba/GBAMemory.cpp
FNL:0,1017,1033
FNA:0,29,_ZN3AIO8Emulator3GBA9GBAMemory9FlushSaveEv
FNL:1,1035,1092
FNA:1,0,_ZN3AIO8Emulator3GBA9GBAMemory17EvaluateKeypadIRQEv
FNL:2,1094,1120
FNA:2,0,_ZN3AIO8Emulator3GBA9GBAMemory11SetKeyInputEt
FNL:3,1122,1137
FNA:3,10,_ZNK3AIO8Emulator3GBA9GBAMemory15GetOpenBusValueEv
FNL:4,1142,1213
FNA:4,6,_ZZNK3AIO8Emulator3GBA9GBAMemory15GetOpenBusValueEvENK3$_0clEj
FNL:5,1216,1261
FNA:5,6,_ZZNK3AIO8Emulator3GBA9GBAMemory15GetOpenBusValueEvENK3$_1clEj
FNL:6,123,148
FNA:6,28526,_ZN3AIO8Emulator3GBA12_GLOBAL__N_117TracePpuIoWrite16Ejtj
FNL:7,1263,1272
FNA:7,4,_ZNK3AIO8Emulator3GBA9GBAMemory15GetAccessCyclesEji
FNL:8,1275,1287
FNA:8,4,_ZZNK3AIO8Emulator3GBA9GBAMemory15GetAccessCyclesEjiENK3$_1clEj
FNL:9,1288,1290
FNA:9,4,_ZZNK3AIO8Emulator3GBA9GBAMemory15GetAccessCyclesEjiENK3$_2clEj
FNL:10,1293,1379
FNA:10,4,_ZZNK3AIO8Emulator3GBA9GBAMemory15GetAccessCyclesEjiENK3$_0clEh
FNL:11,1381,1632
FNA:11,582713,_ZN3AIO8Emulator3GBA9GBAMemory5Read8Ej
FNL:12,150,176
FNA:12,150,_ZN3AIO8Emulator3GBA12_GLOBAL__N_117TracePpuIoWrite32Ejjj
FNL:13,1634,1819
FNA:13,290697,_ZN3AIO8Emulator3GBA9GBAMemory6Read16Ej
FNL:14,179,223
FNA:14,227,_ZN3AIO8Emulator3GBA9GBAMemoryC1Ev
FNA:14,227,_ZN3AIO8Emulator3GBA9GBAMemoryC2Ev
FNL:15,1821,1873
FNA:15,41,_ZN3AIO8Emulator3GBA9GBAMemory17ReadInstruction16Ej
FNL:16,1875,1997
FNA:16,126,_ZN3AIO8Emulator3GBA9GBAMemory6Read32Ej
FNL:17,1999,2018
FNA:17,107,_ZN3AIO8Emulator3GBA9GBAMemory17ReadInstruction32Ej
FNL:18,2021,2194
FNA:18,56372,_ZN3AIO8Emulator3GBA9GBAMemory14Write8InternalEjh
FNL:19,2196,2715
FNA:19,1584,_ZN3AIO8Emulator3GBA9GBAMemory6Write8Ejh
FNL:20,225,225
FNA:20,227,_ZN3AIO8Emulator3GBA9GBAMemoryD1Ev
FNA:20,227,_ZN3AIO8Emulator3GBA9GBAMemoryD2Ev
FNL:21,226,264
FNA:21,0,_ZN3AIO8Emulator3GBA9GBAMemory11LoadLLEBIOSERKNSt3__112basic_stringIcNS3_11char_traitsIcEENS3_9allocatorIcEEEE
FNL:22,266,399
FNA:22,227,_ZN3AIO8Emulator3GBA9GBAMemory17InitializeHLEBIOSEv
FNL:23,27,31
FNA:23,31552,_ZN3AIO8Emulator3GBA12_GLOBAL__N_120IsIwramMappedAddressEj
FNL:24,2717,2898
FNA:24,29665,_ZN3AIO8Emulator3GBA9GBAMemory7Write16Ejt
FNL:25,2906,3090
FNA:25,204,_ZZN3AIO8Emulator3GBA9GBAMemory7Write16EjtENK3$_0clEPKc
FNL:26,3091,3188
FNA:26,28511,_ZZN3AIO8Emulator3GBA9GBAMemory7Write16EjtENK3$_1clEj
FNL:27,3190,3566
FNA:27,150,_ZN3AIO8Emulator3GBA9GBAMemory7Write32Ejj
FNL:28,34,48
FNA:28,3,_ZN3AIO8Emulator3GBA12_GLOBAL__N_124IsValidIrqHandlerAddressEj
FNL:29,3568,3572
FNA:29,4037,_ZN3AIO8Emulator3GBA9GBAMemory17SetPpuTimingStateEii
FNL:30,3574,3581
FNA:30,3,_ZNK3AIO8Emulator3GBA9GBAMemory17ReadIrqHandlerRawEv
FNL:31,3583,3591
FNA:31,0,_ZN3AIO8Emulator3GBA9GBAMemory18WriteIrqHandlerRawEj
FNL:32,3593,3599
FNA:32,3,_ZN3AIO8Emulator3GBA9GBAMemory19ClampIrqHandlerWordEv
FNL:33,3601,3606
FNA:33,4107,_ZN3AIO8Emulator3GBA9GBAMemory23WriteIORegisterInternalEjt
FNL:34,3608,3615
FNA:34,3043,_ZNK3AIO8Emulator3GBA9GBAMemory24ReadIORegister16InternalEj
FNL:35,3617,3652
FNA:35,1067,_ZN3AIO8Emulator3GBA9GBAMemory8CheckDMAEi
FNL:36,3654,3668
FNA:36,9,_ZN3AIO8Emulator3GBA9GBAMemory10PerformDMAEi
FNL:37,3671,4186
FNA:37,9,_ZZN3AIO8Emulator3GBA9GBAMemory10PerformDMAEiEN8DMAGuardD1Ev
FNA:37,9,_ZZN3AIO8Emulator3GBA9GBAMemory10PerformDMAEiEN8DMAGuardD2Ev
FNL:38,401,588
FNA:38,139,_ZN3AIO8Emulator3GBA9GBAMemory5ResetEv
FNL:39,4188,4459
FNA:39,3,_ZZN3AIO8Emulator3GBA9GBAMemory10PerformDMAEiENK3$_0clEj
FNL:40,4460,4489
FNA:40,12,_ZZN3AIO8Emulator3GBA9GBAMemory10PerformDMAEiENK3$_1clEjj
FNL:41,4491,4623
FNA:41,50,_ZN3AIO8Emulator3GBA9GBAMemory12UpdateTimersEi
FNL:42,4625,4641
FNA:42,8,_ZN3AIO8Emulator3GBA9GBAMemory13AdvanceCyclesEi
FNL:43,4643,4663
FNA:43,1067,_ZN3AIO8Emulator3GBA9GBAMemory19ApplyDeferredWritesEv
FNL:44,4666,4685
FNA:44,1067,_ZZN3AIO8Emulator3GBA9GBAMemory19ApplyDeferredWritesEvENK3$_0clERNSt3__16vectorIhNS4_9allocatorIhEEEERKS8_S9_RNS5_IjNS6_IjEEEE
FNL:45,4687,4695
FNA:45,22,_ZNK3AIO8Emulator3GBA9GBAMemory14GetTimerReloadEi
FNL:46,4697,4706
FNA:46,22,_ZNK3AIO8Emulator3GBA9GBAMemory15GetTimerControlEi
FNL:47,4708,4772
FNA:47,615,_ZN3AIO8Emulator3GBA9GBAMemory10ReadEEPROMEv
FNL:48,4774,4985
FNA:48,1220,_ZN3AIO8Emulator3GBA9GBAMemory11WriteEEPROMEt
FNL:49,4988,5145
FNA:49,13,_ZZN3AIO8Emulator3GBA9GBAMemory11WriteEEPROMEtENK3$_0clEj
FNL:50,50,51
FNA:50,3988,_ZN3AIO8Emulator3GBA12_GLOBAL__N_19EnvTruthyEPKc
FNL:51,54,57
FNA:51,508,_ZN3AIO8Emulator3GBA12_GLOBAL__N_113EnvFlagCachedILm18EEEbRAT__Kc
FNA:51,32254,_ZN3AIO8Emulator3GBA12_GLOBAL__N_113EnvFlagCachedILm20EEEbRAT__Kc
FNA:51,24,_ZN3AIO8Emulator3GBA12_GLOBAL__N_113EnvFlagCachedILm21EEEbRAT__Kc
FNA:51,29082,_ZN3AIO8Emulator3GBA12_GLOBAL__N_113EnvFlagCachedILm22EEEbRAT__Kc
FNA:51,58344,_ZN3AIO8Emulator3GBA12_GLOBAL__N_113EnvFlagCachedILm23EEEbRAT__Kc
FNA:51,61693,_ZN3AIO8Emulator3GBA12_GLOBAL__N_113EnvFlagCachedILm25EEEbRAT__Kc
FNA:51,28676,_ZN3AIO8Emulator3GBA12_GLOBAL__N_113EnvFlagCachedILm26EEEbRAT__Kc
FNA:51,9,_ZN3AIO8Emulator3GBA12_GLOBAL__N_113EnvFlagCachedILm27EEEbRAT__Kc
FNA:51,30269,_ZN3AIO8Emulator3GBA12_GLOBAL__N_113EnvFlagCachedILm28EEEbRAT__Kc
FNA:51,655,_ZN3AIO8Emulator3GBA12_GLOBAL__N_113EnvFlagCachedILm29EEEbRAT__Kc
FNA:51,6,_ZN3AIO8Emulator3GBA12_GLOBAL__N_113EnvFlagCachedILm31EEEbRAT__Kc
FNA:51,30260,_ZN3AIO8Emulator3GBA12_GLOBAL__N_113EnvFlagCachedILm32EEEbRAT__Kc
FNL:52,590,593
FNA:52,0,_ZN3AIO8Emulator3GBA9GBAMemory13Is4KbitEEPROMERKNSt3__16vectorIhNS3_9allocatorIhEEEE
FNL:53,596,737
FNA:53,5,_ZN3AIO8Emulator3GBA9GBAMemory17ScanForEEPROMSizeERKNSt3__16vectorIhNS3_9allocatorIhEEEE
FNL:54,60,63
FNA:54,34237,_ZN3AIO8Emulator3GBA12_GLOBAL__N_112TraceGbaSpamEv
FNL:55,65,94
FNA:55,0,_ZN3AIO8Emulator3GBA12_GLOBAL__N_113IsPpuIoOffsetEj
FNL:56,739,852
FNA:56,5,_ZN3AIO8Emulator3GBA9GBAMemory11LoadGamePakERKNSt3__16vectorIhNS3_9allocatorIhEEEE
FNL:57,854,885
FNA:57,16,_ZN3AIO8Emulator3GBA9GBAMemory8LoadSaveERKNSt3__16vectorIhNS3_9allocatorIhEEEE
FNL:58,886,890
FNA:58,115712,_ZZN3AIO8Emulator3GBA9GBAMemory8LoadSaveERKNSt3__16vectorIhNS3_9allocatorIhEEEEENK3$_0clEh
FNL:59,892,894
FNA:59,0,_ZNK3AIO8Emulator3GBA9GBAMemory11GetSaveDataEv
FNL:60,897,897
FNA:60,0,_ZN3AIO8Emulator3GBA9GBAMemory11SetSavePathERKNSt3__112basic_stringIcNS3_11char_traitsIcEENS3_9allocatorIcEEEE
FNL:61,899,1015
FNA:61,3,_ZN3AIO8Emulator3GBA9GBAMemory11SetSaveTypeENS1_8SaveTypeE
FNL:62,96,121
FNA:62,1584,_ZN3AIO8Emulator3GBA12_GLOBAL__N_116TracePpuIoWrite8Ejhj
FNF:63
FNH:55
DA:27,31552
DA:31,31552
DA:34,3
DA:35,3
DA:36,3
DA:37,0
DA:38,3
DA:39,0
DA:40,3
DA:41,0
DA:42,3
DA:43,0
DA:45,3
DA:46,3
DA:47,0
DA:48,3
DA:50,3988
DA:51,3988
DA:54,271780
DA:55,271780
DA:56,271780
DA:57,0
DA:60,34237
DA:61,34237
DA:62,34237
DA:63,0
DA:65,0
DA:66,0
DA:90,0
DA:92,0
DA:94,0
DA:96,1584
DA:97,1584
DA:98,1584
DA:99,1584
DA:100,0
DA:101,0
DA:102,0
DA:103,0
DA:104,0
DA:105,0
DA:109,0
DA:110,0
DA:111,0
DA:112,0
DA:115,0
DA:116,0
DA:117,0
DA:118,0
DA:119,0
DA:120,0
DA:121,1584
DA:123,28526
DA:124,28526
DA:125,28526
DA:126,28526
DA:127,0
DA:128,0
DA:129,0
DA:130,0
DA:131,0
DA:135,0
DA:136,0
DA:137,0
DA:138,0
DA:139,0
DA:142,0
DA:143,0
DA:144,0
DA:145,0
DA:146,0
DA:147,0
DA:148,28526
DA:150,150
DA:151,150
DA:152,150
DA:153,150
DA:154,0
DA:155,0
DA:156,0
DA:157,0
DA:158,0
DA:159,0
DA:163,0
DA:164,0
DA:165,0
DA:166,0
DA:167,0
DA:170,0
DA:171,0
DA:172,0
DA:173,0
DA:174,0
DA:175,0
DA:176,150
DA:179,454
DA:223,227
DA:225,454
DA:226,0
DA:227,0
DA:228,0
DA:229,0
DA:230,0
DA:231,0
DA:234,0
DA:235,0
DA:237,0
DA:238,0
DA:239,0
DA:242,0
DA:243,0
DA:244,0
DA:245,0
DA:246,0
DA:249,0
DA:250,0
DA:251,0
DA:253,0
DA:254,0
DA:255,0
DA:256,0
DA:257,0
DA:259,0
DA:260,0
DA:262,0
DA:263,0
DA:264,0
DA:266,227
DA:274,930019
DA:275,929792
DA:276,929792
DA:277,929792
DA:278,929792
DA:279,929792
DA:283,7491
DA:284,7264
DA:288,7264
DA:289,7264
DA:290,7264
DA:291,7264
DA:292,7264
DA:303,227
DA:308,227
DA:309,227
DA:310,227
DA:311,227
DA:312,227
DA:313,227
DA:328,227
DA:329,227
DA:351,2497
DA:352,2270
DA:353,2270
DA:354,2270
DA:355,2270
DA:356,2270
DA:357,2270
DA:364,227
DA:366,227
DA:367,227
DA:368,227
DA:369,227
DA:371,227
DA:372,227
DA:373,227
DA:374,227
DA:376,227
DA:377,227
DA:378,227
DA:379,227
DA:381,227
DA:382,227
DA:383,227
DA:384,227
DA:388,227
DA:389,227
DA:390,227
DA:391,227
DA:392,227
DA:393,227
DA:399,227
DA:401,139
DA:408,139
DA:412,139
DA:416,139
DA:420,139
DA:421,139
DA:422,139
DA:423,139
DA:424,139
DA:426,139
DA:429,139
DA:430,139
DA:431,139
DA:432,139
DA:433,139
DA:436,139
DA:437,139
DA:438,139
DA:439,139
DA:440,139
DA:441,139
DA:443,139
DA:444,139
DA:445,139
DA:446,139
DA:447,139
DA:448,139
DA:451,139
DA:452,139
DA:453,139
DA:454,139
DA:458,139
DA:459,139
DA:460,139
DA:461,139
DA:462,139
DA:466,139
DA:467,139
DA:468,139
DA:472,139
DA:473,139
DA:474,139
DA:475,139
DA:479,139
DA:480,139
DA:481,139
DA:488,139
DA:489,139
DA:490,139
DA:491,139
DA:497,695
DA:498,556
DA:499,556
DA:500,556
DA:501,556
DA:502,556
DA:503,556
DA:510,139
DA:511,139
DA:512,139
DA:513,139
DA:518,139
DA:519,139
DA:520,139
DA:521,139
DA:527,139
DA:528,139
DA:529,139
DA:530,139
DA:532,139
DA:533,0
DA:534,0
DA:535,0
DA:536,0
DA:537,0
DA:539,139
DA:540,139
DA:541,139
DA:542,139
DA:543,139
DA:544,139
DA:550,139
DA:558,139
DA:563,139
DA:567,139
DA:568,139
DA:571,139
DA:572,139
DA:573,139
DA:574,139
DA:579,139
DA:580,139
DA:581,139
DA:582,139
DA:585,139
DA:586,0
DA:587,0
DA:588,139
DA:590,0
DA:593,0
DA:596,5
DA:601,5
DA:602,5
DA:605,5
DA:607,5
DA:609,262211
DA:610,262206
DA:611,262206
DA:612,0
DA:613,262206
DA:614,262206
DA:615,262204
DA:617,262206
DA:619,0
DA:620,0
DA:621,0
DA:622,0
DA:625,0
DA:626,0
DA:629,0
DA:630,0
DA:631,0
DA:633,0
DA:638,0
DA:639,0
DA:640,0
DA:641,0
DA:643,0
DA:644,0
DA:647,0
DA:648,0
DA:650,0
DA:651,0
DA:654,0
DA:655,0
DA:656,0
DA:657,0
DA:658,0
DA:659,0
DA:660,0
DA:661,0
DA:662,0
DA:663,0
DA:664,0
DA:666,0
DA:667,0
DA:668,0
DA:669,0
DA:670,0
DA:671,0
DA:672,0
DA:673,0
DA:674,0
DA:675,0
DA:678,0
DA:679,0
DA:680,0
DA:683,0
DA:684,0
DA:685,0
DA:687,0
DA:689,0
DA:690,0
DA:691,0
DA:692,0
DA:694,0
DA:695,0
DA:696,0
DA:699,0
DA:700,0
DA:702,0
DA:703,0
DA:706,0
DA:707,0
DA:708,0
DA:709,0
DA:710,0
DA:711,0
DA:712,0
DA:713,0
DA:714,0
DA:715,0
DA:716,0
DA:718,0
DA:719,0
DA:720,0
DA:721,0
DA:722,0
DA:723,0
DA:724,0
DA:725,0
DA:726,0
DA:727,0
DA:728,0
DA:729,262206
DA:731,5
DA:732,0
DA:733,5
DA:734,0
DA:736,5
DA:737,5
DA:739,5
DA:743,5
DA:744,5
DA:746,5
DA:748,1
DA:749,1
DA:750,1
DA:751,1
DA:752,1
DA:753,1
DA:755,1
DA:756,1
DA:757,1
DA:758,4
DA:759,0
DA:760,0
DA:761,4
DA:762,4
DA:768,5
DA:770,2
DA:771,60
DA:772,58
DA:773,58
DA:774,2
DA:777,2
DA:780,0
DA:781,0
DA:782,0
DA:783,0
DA:784,0
DA:785,0
DA:786,2
DA:787,2
DA:788,2
DA:789,2
DA:791,2
DA:792,2
DA:793,2
DA:795,2
DA:797,5
DA:798,5
DA:806,5
DA:807,2
DA:808,2
DA:809,2
DA:812,5
DA:813,5
DA:814,5
DA:815,5
DA:818,5
DA:819,5
DA:820,5
DA:821,5
DA:823,5
DA:825,0
DA:826,0
DA:827,0
DA:829,5
DA:830,5
DA:831,5
DA:833,0
DA:834,0
DA:835,0
DA:837,0
DA:838,0
DA:839,0
DA:840,0
DA:842,0
DA:843,0
DA:844,0
DA:845,0
DA:848,0
DA:849,0
DA:850,0
DA:852,5
DA:854,16
DA:855,16
DA:858,16
DA:859,16
DA:860,16
DA:861,16
DA:862,0
DA:863,0
DA:864,16
DA:865,0
DA:868,0
DA:869,0
DA:872,16
DA:873,16
DA:875,16
DA:876,16
DA:877,16
DA:878,16
DA:879,16
DA:880,0
DA:885,16
DA:886,115712
DA:887,16
DA:888,16
DA:889,16
DA:890,16
DA:892,0
DA:893,0
DA:894,0
DA:897,0
DA:899,3
DA:900,3
DA:901,3
DA:902,0
DA:903,0
DA:905,3
DA:906,3
DA:908,3
DA:910,1
DA:911,0
DA:912,1
DA:913,1
DA:914,1
DA:915,1
DA:916,1
DA:917,1
DA:918,1
DA:919,2
DA:920,1
DA:921,1
DA:922,1
DA:924,0
DA:925,0
DA:926,0
DA:927,0
DA:928,0
DA:929,0
DA:930,0
DA:931,0
DA:932,0
DA:933,0
DA:934,0
DA:935,0
DA:936,0
DA:938,0
DA:939,0
DA:940,0
DA:941,0
DA:942,0
DA:943,0
DA:944,0
DA:945,0
DA:946,0
DA:947,0
DA:948,0
DA:949,0
DA:950,0
DA:952,2
DA:953,0
DA:954,2
DA:955,2
DA:956,2
DA:957,2
DA:958,2
DA:959,2
DA:960,2
DA:961,4
DA:962,2
DA:963,2
DA:964,2
DA:965,2
DA:967,0
DA:968,0
DA:969,0
DA:970,0
DA:971,0
DA:972,0
DA:973,0
DA:974,0
DA:975,0
DA:976,0
DA:977,0
DA:978,0
DA:979,0
DA:980,0
DA:981,0
DA:982,0
DA:983,0
DA:984,0
DA:985,0
DA:986,0
DA:987,0
DA:988,0
DA:989,0
DA:991,0
DA:993,0
DA:994,0
DA:995,0
DA:997,0
DA:998,0
DA:999,0
DA:1001,3
DA:1002,0
DA:1003,0
DA:1004,0
DA:1005,0
DA:1006,0
DA:1007,0
DA:1008,0
DA:1009,0
DA:1010,0
DA:1011,0
DA:1012,0
DA:1014,3
DA:1015,3
DA:1017,29
DA:1018,29
DA:1019,29
DA:1022,0
DA:1023,0
DA:1024,0
DA:1025,0
DA:1028,0
DA:1029,0
DA:1030,0
DA:1031,0
DA:1032,0
DA:1033,29
DA:1035,0
DA:1037,0
DA:1038,0
DA:1039,0
DA:1041,0
DA:1042,0
DA:1043,0
DA:1044,0
DA:1051,0
DA:1052,0
DA:1053,0
DA:1054,0
DA:1055,0
DA:1058,0
DA:1059,0
DA:1060,0
DA:1063,0
DA:1066,0
DA:1067,0
DA:1068,0
DA:1070,0
DA:1071,0
DA:1072,0
DA:1073,0
DA:1076,0
DA:1078,0
DA:1079,0
DA:1080,0
DA:1082,0
DA:1083,0
DA:1084,0
DA:1085,0
DA:1088,0
DA:1089,0
DA:1090,0
DA:1091,0
DA:1092,0
DA:1094,0
DA:1095,0
DA:1096,0
DA:1097,0
DA:1098,0
DA:1099,0
DA:1104,0
DA:1108,0
DA:1109,0
DA:1110,0
DA:1112,0
DA:1113,0
DA:1114,0
DA:1115,0
DA:1116,0
DA:1117,0
DA:1118,0
DA:1119,0
DA:1120,0
DA:1122,10
DA:1131,10
DA:1132,4
DA:1135,6
DA:1136,6
DA:1137,6
DA:1142,6
DA:1143,0
DA:1144,0
DA:1146,0
DA:1147,0
DA:1148,0
DA:1150,0
DA:1152,0
DA:1153,0
DA:1154,0
DA:1156,0
DA:1164,0
DA:1165,0
DA:1166,0
DA:1169,0
DA:1173,0
DA:1175,0
DA:1176,0
DA:1178,6
DA:1183,0
DA:1184,0
DA:1189,0
DA:1194,0
DA:1195,0
DA:1199,0
DA:1201,0
DA:1202,0
DA:1204,0
DA:1206,0
DA:1210,0
DA:1211,0
DA:1213,0
DA:1216,12
DA:1217,6
DA:1218,6
DA:1220,0
DA:1221,0
DA:1222,0
DA:1223,0
DA:1225,0
DA:1227,0
DA:1228,0
DA:1229,0
DA:1230,0
DA:1232,0
DA:1240,6
DA:1241,6
DA:1242,12
DA:1243,6
DA:1246,0
DA:1247,0
DA:1248,0
DA:1252,0
DA:1254,0
DA:1255,6
DA:1257,6
DA:1260,6
DA:1261,10
DA:1263,4
DA:1266,4
DA:1270,4
DA:1271,8
DA:1272,4
DA:1275,8
DA:1277,4
DA:1279,2
DA:1281,2
DA:1283,0
DA:1285,0
DA:1287,4
DA:1288,8
DA:1290,4
DA:1293,8
DA:1298,4
DA:1299,0
DA:1300,4
DA:1301,4
DA:1302,0
DA:1303,4
DA:1305,4
DA:1306,4
DA:1307,4
DA:1309,4
DA:1310,4
DA:1311,6
DA:1312,2
DA:1313,4
DA:1314,4
DA:1315,4
DA:1317,4
DA:1319,0
DA:1322,0
DA:1325,0
DA:1328,0
DA:1331,0
DA:1334,0
DA:1337,0
DA:1345,4
DA:1346,4
DA:1347,4
DA:1348,4
DA:1349,4
DA:1350,4
DA:1351,0
DA:1352,0
DA:1353,0
DA:1354,0
DA:1355,0
DA:1361,4
DA:1362,4
DA:1363,0
DA:1364,0
DA:1366,4
DA:1371,0
DA:1372,0
DA:1373,0
DA:1377,0
DA:1379,4
DA:1381,582713
DA:1382,582894
DA:1383,181
DA:1384,582894
DA:1385,181
DA:1386,582713
DA:1387,582894
DA:1388,181
DA:1390,582713
DA:1391,582713
DA:1395,106
DA:1399,96
DA:1400,4
DA:1401,4
DA:1403,0
DA:1404,0
DA:1405,0
DA:1408,0
DA:1409,0
DA:1410,0
DA:1411,0
DA:1412,4
DA:1415,92
DA:1416,92
DA:1418,0
DA:1421,10
DA:1422,10
DA:1423,10
DA:1425,0
DA:1426,0
DA:1427,0
DA:1430,0
DA:1431,0
DA:1432,0
DA:1433,0
DA:1434,10
DA:1438,33493
DA:1439,33493
DA:1442,33493
DA:1443,0
DA:1445,0
DA:1446,0
DA:1447,0
DA:1448,0
DA:1450,0
DA:1451,0
DA:1452,0
DA:1453,0
DA:1454,0
DA:1455,33493
DA:1458,126
DA:1459,126
DA:1461,0
DA:1464,543109
DA:1465,543109
DA:1466,543109
DA:1467,543109
DA:1470,543109
DA:1471,41
DA:1472,41
DA:1473,41
DA:1476,543109
DA:1478,0
DA:1479,0
DA:1480,0
DA:1481,0
DA:1482,0
DA:1483,0
DA:1484,0
DA:1485,0
DA:1486,0
DA:1491,543109
DA:1492,0
DA:1493,0
DA:1498,0
DA:1499,0
DA:1500,0
DA:1501,0
DA:1502,0
DA:1503,0
DA:1505,0
DA:1506,0
DA:1507,0
DA:1508,0
DA:1509,0
DA:1510,0
DA:1511,0
DA:1512,0
DA:1513,0
DA:1514,0
DA:1515,0
DA:1516,0
DA:1517,0
DA:1519,0
DA:1520,0
DA:1521,0
DA:1523,543109
DA:1527,2962
DA:1529,3041
DA:1530,79
DA:1531,3041
DA:1532,79
DA:1533,2962
DA:1534,2962
DA:1535,0
DA:1542,2823
DA:1543,2823
DA:1544,2
DA:1545,2
DA:1546,2823
DA:1547,2823
DA:1548,0
DA:1552,60
DA:1553,60
DA:1554,60
DA:1555,0
DA:1569,28
DA:1570,28
DA:1572,28
DA:1573,28
DA:1576,0
DA:1583,0
DA:1584,0
DA:1587,0
DA:1591,0
DA:1592,0
DA:1593,0
DA:1594,0
DA:1597,0
DA:1601,4
DA:1606,0
DA:1609,4
DA:1610,0
DA:1611,0
DA:1612,0
DA:1613,0
DA:1614,0
DA:1616,0
DA:1619,4
DA:1623,4
DA:1624,0
DA:1625,0
DA:1626,4
DA:1627,4
DA:1628,0
DA:1631,2
DA:1632,582713
DA:1634,290697
DA:1635,290867
DA:1636,340
DA:1637,170
DA:1638,290867
DA:1639,170
DA:1640,290867
DA:1641,170
DA:1642,290867
DA:1643,170
DA:1644,290697
DA:1645,290867
DA:1646,170
DA:1649,290697
DA:1650,290697
DA:1651,615
DA:1657,290082
DA:1659,0
DA:1660,0
DA:1661,0
DA:1662,0
DA:1663,0
DA:1664,0
DA:1665,0
DA:1666,0
DA:1667,0
DA:1672,290082
DA:1673,0
DA:1674,0
DA:1678,290082
DA:1679,271551
DA:1681,271551
DA:1682,0
DA:1683,0
DA:1684,271551
DA:1688,290082
DA:1689,0
DA:1691,0
DA:1692,0
DA:1693,0
DA:1694,0
DA:1696,0
DA:1697,0
DA:1698,0
DA:1699,0
DA:1700,0
DA:1701,0
DA:1702,0
DA:1704,290082
DA:1710,290082
DA:1711,0
DA:1714,0
DA:1715,0
DA:1716,0
DA:1717,0
DA:1718,0
DA:1719,0
DA:1721,0
DA:1722,0
DA:1723,0
DA:1724,0
DA:1725,0
DA:1726,0
DA:1727,0
DA:1728,0
DA:1730,0
DA:1732,0
DA:1739,290082
DA:1740,0
DA:1741,0
DA:1743,0
DA:1744,0
DA:1745,0
DA:1746,0
DA:1747,0
DA:1748,0
DA:1749,0
DA:1750,0
DA:1751,0
DA:1752,0
DA:1753,0
DA:1758,290082
DA:1759,0
DA:1760,0
DA:1762,0
DA:1763,0
DA:1768,0
DA:1769,0
DA:1770,0
DA:1771,0
DA:1772,0
DA:1774,0
DA:1775,0
DA:1776,0
DA:1777,0
DA:1778,0
DA:1779,0
DA:1780,0
DA:1781,0
DA:1782,0
DA:1783,0
DA:1785,0
DA:1786,0
DA:1792,290082
DA:1793,0
DA:1795,0
DA:1796,0
DA:1797,0
DA:1798,0
DA:1799,0
DA:1800,0
DA:1801,0
DA:1802,0
DA:1803,0
DA:1804,0
DA:1807,290082
DA:1808,271551
DA:1810,271551
DA:1811,0
DA:1812,0
DA:1813,0
DA:1815,0
DA:1816,271551
DA:1818,290082
DA:1819,290697
DA:1821,41
DA:1823,41
DA:1824,39
DA:1826,39
DA:1827,39
DA:1828,39
DA:1829,39
DA:1832,0
DA:1835,2
DA:1836,2
DA:1838,2
DA:1839,2
DA:1840,2
DA:1841,2
DA:1844,2
DA:1845,0
DA:1846,0
DA:1849,0
DA:1850,0
DA:1851,2
DA:1855,0
DA:1856,0
DA:1859,0
DA:1860,0
DA:1861,0
DA:1863,0
DA:1864,0
DA:1865,0
DA:1866,0
DA:1867,0
DA:1868,0
DA:1870,0
DA:1872,0
DA:1873,41
DA:1875,126
DA:1876,158
DA:1877,64
DA:1878,32
DA:1879,158
DA:1880,32
DA:1881,126
DA:1882,158
DA:1883,32
DA:1887,126
DA:1888,126
DA:1889,0
DA:1890,0
DA:1891,0
DA:1897,126
DA:1899,0
DA:1900,0
DA:1901,0
DA:1902,0
DA:1903,0
DA:1904,0
DA:1905,0
DA:1906,0
DA:1907,0
DA:1910,126
DA:1911,0
DA:1912,0
DA:1916,126
DA:1917,0
DA:1919,0
DA:1920,0
DA:1921,0
DA:1922,0
DA:1923,0
DA:1924,0
DA:1925,0
DA:1927,0
DA:1928,0
DA:1929,0
DA:1930,0
DA:1931,0
DA:1933,378
DA:1934,252
DA:1938,126
DA:1939,0
DA:1940,0
DA:1941,0
DA:1942,0
DA:1947,0
DA:1948,0
DA:1949,0
DA:1950,0
DA:1951,0
DA:1953,0
DA:1954,0
DA:1955,0
DA:1956,0
DA:1957,0
DA:1958,0
DA:1959,0
DA:1960,0
DA:1961,0
DA:1962,0
DA:1963,0
DA:1965,0
DA:1966,0
DA:1970,126
DA:1971,0
DA:1973,0
DA:1974,0
DA:1975,0
DA:1976,0
DA:1977,0
DA:1978,0
DA:1979,0
DA:1980,0
DA:1981,0
DA:1982,0
DA:1985,126
DA:1987,0
DA:1988,0
DA:1989,0
DA:1990,0
DA:1991,0
DA:1992,0
DA:1993,0
DA:1994,0
DA:1996,126
DA:1997,126
DA:1999,107
DA:2001,107
DA:2002,97
DA:2004,97
DA:2005,97
DA:2006,97
DA:2007,97
DA:2008,97
DA:2009,97
DA:2012,0
DA:2013,0
DA:2016,30
DA:2017,20
DA:2018,107
DA:2021,56372
DA:2022,56372
DA:2023,56372
DA:2025,0
DA:2026,0
DA:2029,0
DA:2030,0
DA:2032,0
DA:2034,0
DA:2035,0
DA:2039,0
DA:2040,0
DA:2041,0
DA:2042,0
DA:2043,0
DA:2047,250
DA:2049,320
DA:2050,70
DA:2051,320
DA:2052,70
DA:2056,250
DA:2057,250
DA:2058,0
DA:2059,0
DA:2060,0
DA:2061,0
DA:2062,0
DA:2063,0
DA:2064,0
DA:2066,250
DA:2068,0
DA:2069,0
DA:2070,0
DA:2071,0
DA:2072,0
DA:2074,0
DA:2076,0
DA:2077,0
DA:2078,0
DA:2079,0
DA:2080,0
DA:2081,0
DA:2083,250
DA:2084,250
DA:2086,250
DA:2087,250
DA:2088,250
DA:2089,250
DA:2093,33868
DA:2094,33868
DA:2095,10
DA:2096,10
DA:2105,33868
DA:2106,33868
DA:2107,33868
DA:2109,0
DA:2110,0
DA:2111,0
DA:2112,0
DA:2113,0
DA:2114,0
DA:2115,0
DA:2116,0
DA:2119,33868
DA:2121,0
DA:2122,0
DA:2123,0
DA:2124,0
DA:2125,0
DA:2126,0
DA:2127,0
DA:2128,0
DA:2129,0
DA:2130,0
DA:2131,0
DA:2133,33868
DA:2134,33868
DA:2136,33868
DA:2137,33868
DA:2138,33868
DA:2139,33868
DA:2143,22254
DA:2144,22254
DA:2148,44508
DA:2149,22254
DA:2150,22254
DA:2151,22254
DA:2152,22254
DA:2153,22266
DA:2154,12
DA:2155,22254
DA:2157,22254
DA:2158,6934
DA:2159,6
DA:2160,0
DA:2161,0
DA:2162,0
DA:2165,0
DA:2166,0
DA:2167,0
DA:2169,6
DA:2171,6928
DA:2172,6
DA:2173,0
DA:2174,0
DA:2175,0
DA:2178,0
DA:2179,0
DA:2180,0
DA:2182,6
DA:2184,6922
DA:2186,22242
DA:2188,22242
DA:2189,22242
DA:2190,22242
DA:2191,22242
DA:2194,56372
DA:2196,1584
DA:2197,1584
DA:2198,1584
DA:2203,1584
DA:2204,0
DA:2205,0
DA:2206,0
DA:2207,0
DA:2208,0
DA:2210,0
DA:2211,0
DA:2212,0
DA:2214,0
DA:2215,0
DA:2216,0
DA:2217,0
DA:2218,1584
DA:2219,1584
DA:2220,1584
DA:2221,1584
DA:2222,1584
DA:2223,1584
DA:2224,1584
DA:2246,1584
DA:2247,0
DA:2249,0
DA:2250,0
DA:2251,0
DA:2252,0
DA:2253,0
DA:2254,0
DA:2255,0
DA:2256,0
DA:2257,0
DA:2261,1584
DA:2262,0
DA:2263,0
DA:2264,0
DA:2265,0
DA:2266,0
DA:2267,0
DA:2268,0
DA:2272,1584
DA:2273,0
DA:2275,0
DA:2276,0
DA:2277,0
DA:2278,0
DA:2279,0
DA:2280,0
DA:2281,0
DA:2282,0
DA:2283,0
DA:2285,1584
DA:2288,521
DA:2289,521
DA:2293,521
DA:2294,0
DA:2296,0
DA:2297,0
DA:2298,0
DA:2299,0
DA:2300,0
DA:2301,0
DA:2302,0
DA:2305,0
DA:2306,0
DA:2307,0
DA:2308,0
DA:2309,0
DA:2310,0
DA:2311,0
DA:2316,521
DA:2317,0
DA:2321,0
DA:2322,0
DA:2323,0
DA:2324,0
DA:2325,0
DA:2326,0
DA:2327,0
DA:2329,0
DA:2330,0
DA:2331,0
DA:2332,0
DA:2333,0
DA:2334,0
DA:2335,0
DA:2336,0
DA:2337,0
DA:2338,0
DA:2339,0
DA:2342,0
DA:2343,0
DA:2344,0
DA:2345,0
DA:2346,0
DA:2347,0
DA:2350,0
DA:2351,0
DA:2352,0
DA:2353,0
DA:2354,0
DA:2355,0
DA:2356,0
DA:2357,0
DA:2358,0
DA:2359,0
DA:2360,521
DA:2364,0
DA:2365,0
DA:2367,0
DA:2368,0
DA:2369,0
DA:2373,757
DA:2376,757
DA:2377,0
DA:2378,0
DA:2379,0
DA:2380,0
DA:2382,757
DA:2383,1
DA:2384,1
DA:2385,1
DA:2386,1
DA:2389,757
DA:2390,757
DA:2391,1512
DA:2392,755
DA:2393,7
DA:2394,1
DA:2395,6
DA:2396,1
DA:2397,5
DA:2398,0
DA:2399,5
DA:2400,5
DA:2404,7
DA:2406,7
DA:2408,7
DA:2409,7
DA:2410,7
DA:2411,7
DA:2413,757
DA:2414,757
DA:2415,757
DA:2419,757
DA:2420,0
DA:2421,0
DA:2424,757
DA:2425,7
DA:2426,7
DA:2427,7
DA:2428,14
DA:2429,14
DA:2430,7
DA:2431,14
DA:2432,14
DA:2435,7
DA:2436,0
DA:2437,0
DA:2438,0
DA:2439,0
DA:2440,0
DA:2441,0
DA:2442,0
DA:2443,0
DA:2444,0
DA:2445,0
DA:2446,0
DA:2447,0
DA:2448,0
DA:2449,0
DA:2450,0
DA:2454,7
DA:2455,0
DA:2456,0
DA:2457,0
DA:2458,0
DA:2459,0
DA:2461,0
DA:2462,0
DA:2463,0
DA:2464,0
DA:2465,0
DA:2466,0
DA:2467,0
DA:2468,0
DA:2469,0
DA:2470,0
DA:2471,0
DA:2472,0
DA:2473,0
DA:2474,0
DA:2475,0
DA:2476,0
DA:2477,0
DA:2478,0
DA:2479,0
DA:2480,0
DA:2481,0
DA:2482,0
DA:2483,0
DA:2485,7
DA:2486,7
DA:2490,7
DA:2491,7
DA:2492,7
DA:2493,7
DA:2494,0
DA:2495,0
DA:2496,0
DA:2497,0
DA:2500,0
DA:2503,0
DA:2504,0
DA:2505,0
DA:2506,0
DA:2507,0
DA:2508,0
DA:2509,0
DA:2510,0
DA:2511,0
DA:2512,0
DA:2513,0
DA:2514,0
DA:2515,7
DA:2517,7
DA:2518,6
DA:2519,7
DA:2521,757
DA:2525,2
DA:2526,2
DA:2527,2
DA:2528,2
DA:2529,2
DA:2531,2
DA:2532,2
DA:2533,2
DA:2534,2
DA:2535,2
DA:2536,2
DA:2540,214
DA:2541,214
DA:2542,2
DA:2543,2
DA:2552,428
DA:2553,214
DA:2554,214
DA:2555,214
DA:2556,214
DA:2557,198
DA:2560,16
DA:2561,16
DA:2562,16
DA:2563,16
DA:2565,16
DA:2566,16
DA:2567,16
DA:2568,16
DA:2569,16
DA:2570,16
DA:2576,1
DA:2580,8
DA:2581,0
DA:2583,8
DA:2585,8
DA:2587,8
DA:2588,8
DA:2589,8
DA:2590,8
DA:2595,0
DA:2596,0
DA:2597,0
DA:2600,0
DA:2602,0
DA:2603,0
DA:2604,0
DA:2606,0
DA:2607,0
DA:2609,0
DA:2610,0
DA:2612,0
DA:2613,0
DA:2614,0
DA:2615,0
DA:2616,0
DA:2617,0
DA:2618,0
DA:2619,0
DA:2620,0
DA:2622,0
DA:2623,0
DA:2624,0
DA:2626,0
DA:2629,0
DA:2631,0
DA:2632,0
DA:2634,0
DA:2635,0
DA:2637,0
DA:2638,0
DA:2640,0
DA:2641,0
DA:2643,0
DA:2645,0
DA:2646,0
DA:2647,0
DA:2650,0
DA:2651,0
DA:2652,0
DA:2654,0
DA:2655,0
DA:2656,0
DA:2657,0
DA:2658,0
DA:2659,0
DA:2660,0
DA:2662,0
DA:2665,0
DA:2666,0
DA:2667,0
DA:2669,0
DA:2670,0
DA:2671,0
DA:2672,0
DA:2673,0
DA:2676,0
DA:2677,0
DA:2678,0
DA:2679,0
DA:2680,0
DA:2682,0
DA:2687,81
DA:2688,81
DA:2691,1576
DA:2692,0
DA:2693,0
DA:2695,0
DA:2696,0
DA:2697,0
DA:2698,0
DA:2699,0
DA:2700,0
DA:2701,0
DA:2702,0
DA:2705,0
DA:2706,0
DA:2707,0
DA:2708,0
DA:2709,0
DA:2710,0
DA:2712,1576
DA:2713,0
DA:2714,0
DA:2715,1584
DA:2717,29665
DA:2720,29665
DA:2721,0
DA:2723,0
DA:2724,0
DA:2725,0
DA:2726,0
DA:2728,0
DA:2729,0
DA:2730,0
DA:2731,29665
DA:2732,29665
DA:2733,29665
DA:2734,29665
DA:2735,29665
DA:2736,29665
DA:2738,29665
DA:2740,29665
DA:2741,1139
DA:2742,1139
DA:2748,28526
DA:2749,28526
DA:2750,28526
DA:2752,0
DA:2753,0
DA:2754,0
DA:2755,0
DA:2757,0
DA:2758,0
DA:2759,0
DA:2760,0
DA:2765,28526
DA:2766,1
DA:2767,1
DA:2769,28526
DA:2770,28526
DA:2775,28526
DA:2776,0
DA:2777,0
DA:2778,0
DA:2779,0
DA:2780,0
DA:2782,0
DA:2783,0
DA:2784,0
DA:2786,0
DA:2787,0
DA:2788,0
DA:2789,0
DA:2793,28526
DA:2794,0
DA:2796,0
DA:2797,0
DA:2798,0
DA:2799,0
DA:2800,0
DA:2801,0
DA:2802,0
DA:2803,0
DA:2804,0
DA:2806,28526
DA:2807,0
DA:2809,0
DA:2810,0
DA:2811,0
DA:2812,0
DA:2813,0
DA:2814,0
DA:2815,0
DA:2816,0
DA:2817,0
DA:2821,28526
DA:2822,0
DA:2823,0
DA:2824,0
DA:2825,0
DA:2826,0
DA:2827,0
DA:2828,0
DA:2830,28526
DA:2831,28526
DA:2832,28526
DA:2834,28526
DA:2835,331
DA:2840,331
DA:2841,1
DA:2842,1
DA:2843,1
DA:2844,1
DA:2845,1
DA:2846,1
DA:2849,330
DA:2854,0
DA:2855,0
DA:2856,0
DA:2858,0
DA:2859,0
DA:2861,0
DA:2862,0
DA:2863,0
DA:2866,0
DA:2867,0
DA:2868,0
DA:2869,0
DA:2870,0
DA:2871,0
DA:2872,0
DA:2874,0
DA:2875,0
DA:2876,0
DA:2877,0
DA:2878,0
DA:2879,0
DA:2880,0
DA:2881,0
DA:2882,0
DA:2884,0
DA:2887,651
DA:2888,325
DA:2890,9
DA:2891,18
DA:2892,9
DA:2894,9
DA:2895,9
DA:2896,9
DA:2897,9
DA:2898,9
DA:2906,534
DA:2907,204
DA:2908,204
DA:2909,0
DA:2910,0
DA:2911,0
DA:2912,0
DA:2913,204
DA:2915,330
DA:2916,160
DA:2917,160
DA:2918,160
DA:2919,330
DA:2921,37
DA:2922,37
DA:2923,37
DA:2924,37
DA:2925,37
DA:2926,653
DA:2927,323
DA:2928,330
DA:2930,7
DA:2931,7
DA:2932,7
DA:2933,7
DA:2934,7
DA:2935,660
DA:2936,330
DA:2937,330
DA:2939,0
DA:2940,0
DA:2941,0
DA:2942,0
DA:2943,0
DA:2946,330
DA:2947,1
DA:2948,1
DA:2949,1
DA:2950,1
DA:2953,330
DA:2955,13
DA:2956,12
DA:2957,3
DA:2958,12
DA:2959,1
DA:2960,12
DA:2961,13
DA:2962,13
DA:2965,330
DA:2966,10
DA:2967,10
DA:2968,10
DA:2971,330
DA:2972,10
DA:2976,10
DA:2977,5
DA:2978,5
DA:2979,5
DA:2980,5
DA:2981,5
DA:2982,0
DA:2983,0
DA:2984,0
DA:2985,5
DA:2987,10
DA:2988,5
DA:2989,5
DA:2990,5
DA:2992,5
DA:2993,5
DA:2994,5
DA:2995,5
DA:2996,5
DA:2997,5
DA:2998,10
DA:2999,330
DA:3004,28525
DA:3005,28180
DA:3006,28180
DA:3016,28525
DA:3018,0
DA:3019,0
DA:3020,0
DA:3021,0
DA:3022,0
DA:3024,0
DA:3025,0
DA:3026,0
DA:3027,0
DA:3032,28525
DA:3033,10
DA:3034,10
DA:3035,10
DA:3036,10
DA:3037,10
DA:3038,10
DA:3040,10
DA:3041,1
DA:3042,1
DA:3044,10
DA:3045,0
DA:3046,0
DA:3048,0
DA:3049,0
DA:3050,0
DA:3051,0
DA:3052,0
DA:3053,0
DA:3054,0
DA:3057,0
DA:3058,0
DA:3059,0
DA:3060,0
DA:3061,0
DA:3062,0
DA:3063,10
DA:3064,28515
DA:3065,4
DA:3066,4
DA:3067,4
DA:3068,4
DA:3069,4
DA:3070,4
DA:3071,4
DA:3074,28511
DA:3075,28180
DA:3076,28180
DA:3077,28180
DA:3078,331
DA:3079,331
DA:3085,28511
DA:3086,0
DA:3087,0
DA:3089,0
DA:3090,0
DA:3091,0
DA:3092,0
DA:3093,0
DA:3094,0
DA:3095,0
DA:3096,0
DA:3100,0
DA:3101,0
DA:3102,0
DA:3104,0
DA:3105,0
DA:3106,0
DA:3107,0
DA:3108,0
DA:3109,0
DA:3110,0
DA:3111,0
DA:3112,0
DA:3113,0
DA:3114,0
DA:3115,0
DA:3118,0
DA:3126,0
DA:3127,0
DA:3128,0
DA:3129,0
DA:3130,0
DA:3131,0
DA:3132,0
DA:3133,0
DA:3137,0
DA:3138,0
DA:3139,0
DA:3140,0
DA:3141,0
DA:3142,0
DA:3143,0
DA:3144,0
DA:3145,0
DA:3146,0
DA:3147,0
DA:3148,0
DA:3149,0
DA:3152,0
DA:3153,0
DA:3154,0
DA:3155,0
DA:3156,0
DA:3158,0
DA:3159,0
DA:3160,0
DA:3161,0
DA:3162,0
DA:3163,0
DA:3165,28511
DA:3166,0
DA:3167,0
DA:3169,0
DA:3170,0
DA:3171,0
DA:3172,0
DA:3173,0
DA:3174,0
DA:3175,0
DA:3178,0
DA:3179,0
DA:3180,0
DA:3181,0
DA:3182,0
DA:3183,0
DA:3185,28511
DA:3186,0
DA:3187,0
DA:3188,29665
DA:3190,150
DA:3191,150
DA:3192,150
DA:3193,150
DA:3194,150
DA:3195,150
DA:3200,150
DA:3201,150
DA:3202,150
DA:3204,0
DA:3205,0
DA:3206,0
DA:3207,0
DA:3209,0
DA:3210,0
DA:3211,0
DA:3212,0
DA:3215,150
DA:3216,0
DA:3217,0
DA:3223,150
DA:3224,39
DA:3225,39
DA:3226,0
DA:3227,0
DA:3228,0
DA:3230,39
DA:3232,150
DA:3233,150
DA:3238,150
DA:3239,0
DA:3240,0
DA:3241,0
DA:3242,0
DA:3243,0
DA:3245,0
DA:3246,0
DA:3247,0
DA:3249,0
DA:3250,0
DA:3251,0
DA:3252,0
DA:3256,150
DA:3257,0
DA:3258,0
DA:3259,0
DA:3260,0
DA:3261,0
DA:3262,0
DA:3263,0
DA:3266,150
DA:3267,39
DA:3269,39
DA:3270,0
DA:3271,0
DA:3273,0
DA:3274,0
DA:3275,0
DA:3277,78
DA:3278,39
DA:3279,39
DA:3281,0
DA:3282,0
DA:3283,0
DA:3284,0
DA:3285,0
DA:3286,0
DA:3287,0
DA:3288,0
DA:3289,0
DA:3290,39
DA:3293,150
DA:3294,150
DA:3295,0
DA:3296,0
DA:3297,0
DA:3302,150
DA:3303,0
DA:3305,0
DA:3306,0
DA:3307,0
DA:3308,0
DA:3309,0
DA:3310,0
DA:3311,0
DA:3312,0
DA:3313,0
DA:3315,150
DA:3316,0
DA:3318,0
DA:3319,0
DA:3320,0
DA:3321,0
DA:3322,0
DA:3323,0
DA:3324,0
DA:3325,0
DA:3326,0
DA:3331,150
DA:3332,0
DA:3333,0
DA:3334,0
DA:3335,0
DA:3336,0
DA:3337,0
DA:3338,0
DA:3341,150
DA:3342,0
DA:3343,0
DA:3345,0
DA:3346,0
DA:3347,0
DA:3348,0
DA:3349,0
DA:3351,0
DA:3352,0
DA:3353,0
DA:3354,0
DA:3355,0
DA:3357,0
DA:3358,0
DA:3359,0
DA:3360,0
DA:3361,0
DA:3363,0
DA:3364,0
DA:3365,0
DA:3366,0
DA:3367,0
DA:3369,0
DA:3370,0
DA:3371,0
DA:3372,0
DA:3373,0
DA:3375,0
DA:3376,0
DA:3377,0
DA:3378,0
DA:3379,0
DA:3381,0
DA:3383,0
DA:3386,150
DA:3388,14
DA:3389,14
DA:3390,0
DA:3391,0
DA:3392,0
DA:3393,0
DA:3394,0
DA:3395,0
DA:3396,0
DA:3397,14
DA:3398,14
DA:3399,14
DA:3401,136
DA:3403,1
DA:3404,1
DA:3405,0
DA:3406,0
DA:3407,0
DA:3408,0
DA:3409,0
DA:3410,0
DA:3411,1
DA:3412,1
DA:3413,1
DA:3418,135
DA:3419,3
DA:3420,3
DA:3427,135
DA:3429,0
DA:3430,0
DA:3431,0
DA:3432,0
DA:3433,0
DA:3435,0
DA:3436,0
DA:3437,0
DA:3438,0
DA:3443,135
DA:3444,17
DA:3445,17
DA:3446,17
DA:3447,17
DA:3448,17
DA:3449,17
DA:3450,17
DA:3451,17
DA:3452,17
DA:3453,17
DA:3454,17
DA:3455,17
DA:3457,17
DA:3458,2
DA:3459,2
DA:3461,17
DA:3462,0
DA:3463,0
DA:3465,0
DA:3466,0
DA:3467,0
DA:3468,0
DA:3469,0
DA:3470,0
DA:3471,0
DA:3472,0
DA:3473,0
DA:3474,0
DA:3475,0
DA:3476,0
DA:3480,0
DA:3481,0
DA:3482,0
DA:3483,0
DA:3484,0
DA:3485,0
DA:3486,0
DA:3487,17
DA:3488,118
DA:3489,90
DA:3490,90
DA:3491,90
DA:3492,90
DA:3493,90
DA:3494,90
DA:3495,90
DA:3496,90
DA:3497,90
DA:3498,90
DA:3499,90
DA:3500,90
DA:3501,90
DA:3504,28
DA:3505,3
DA:3506,3
DA:3507,3
DA:3508,3
DA:3509,3
DA:3510,25
DA:3511,25
DA:3512,25
DA:3513,25
DA:3517,28
DA:3518,24
DA:3520,24
DA:3521,0
DA:3522,0
DA:3524,0
DA:3525,0
DA:3526,0
DA:3528,0
DA:3529,0
DA:3530,0
DA:3531,0
DA:3532,0
DA:3533,0
DA:3534,24
DA:3536,28
DA:3537,0
DA:3538,0
DA:3540,0
DA:3541,0
DA:3542,0
DA:3543,0
DA:3544,0
DA:3545,0
DA:3546,0
DA:3547,0
DA:3548,0
DA:3549,0
DA:3550,0
DA:3551,0
DA:3555,0
DA:3556,0
DA:3557,0
DA:3558,0
DA:3559,0
DA:3560,0
DA:3561,0
DA:3563,28
DA:3564,0
DA:3565,0
DA:3566,150
DA:3568,4037
DA:3569,4037
DA:3570,4037
DA:3571,4037
DA:3572,4037
DA:3574,3
DA:3575,3
DA:3576,3
DA:3577,0
DA:3578,9
DA:3579,6
DA:3580,3
DA:3581,3
DA:3583,0
DA:3584,0
DA:3585,0
DA:3586,0
DA:3587,0
DA:3588,0
DA:3589,0
DA:3590,0
DA:3591,0
DA:3593,3
DA:3594,3
DA:3595,3
DA:3596,3
DA:3597,0
DA:3598,0
DA:3599,3
DA:3601,4107
DA:3602,4107
DA:3603,4107
DA:3604,4107
DA:3605,4107
DA:3606,4107
DA:3608,3043
DA:3611,3043
DA:3612,3043
DA:3614,0
DA:3615,3043
DA:3617,1067
DA:3619,1067
DA:3620,1067
DA:3621,1067
DA:3622,1067
DA:3624,1067
DA:3625,0
DA:3626,0
DA:3627,0
DA:3629,1067
DA:3630,0
DA:3631,0
DA:3632,0
DA:3633,0
DA:3634,0
DA:3636,5335
DA:3637,4268
DA:3638,4268
DA:3639,4268
DA:3641,4268
DA:3642,0
DA:3643,0
DA:3644,0
DA:3645,0
DA:3646,0
DA:3647,0
DA:3648,0
DA:3649,0
DA:3650,0
DA:3651,4268
DA:3652,1067
DA:3654,9
DA:3657,9
DA:3659,9
DA:3660,0
DA:3664,9
DA:3665,9
DA:3666,9
DA:3667,9
DA:3668,9
DA:3671,18
DA:3672,9
DA:3676,9
DA:3677,9
DA:3678,9
DA:3679,9
DA:3680,9
DA:3681,9
DA:3683,9
DA:3686,9
DA:3689,9
DA:3693,9
DA:3694,0
DA:3697,9
DA:3698,9
DA:3699,6
DA:3700,6
DA:3703,9
DA:3704,9
DA:3707,9
DA:3708,9
DA:3709,9
DA:3711,9
DA:3712,9
DA:3715,9
DA:3716,0
DA:3717,0
DA:3718,0
DA:3719,0
DA:3720,0
DA:3721,0
DA:3722,0
DA:3723,0
DA:3724,0
DA:3725,0
DA:3740,9
DA:3742,9
DA:3743,9
DA:3745,9
DA:3746,9
DA:3747,9
DA:3748,9
DA:3749,9
DA:3750,9
DA:3753,9
DA:3754,0
DA:3755,0
DA:3756,0
DA:3757,0
DA:3758,0
DA:3759,0
DA:3761,9
DA:3763,0
DA:3764,0
DA:3765,0
DA:3766,0
DA:3769,0
DA:3770,0
DA:3771,0
DA:3772,0
DA:3773,0
DA:3774,0
DA:3780,9
DA:3781,0
DA:3782,0
DA:3783,0
DA:3784,0
DA:3785,0
DA:3786,0
DA:3787,0
DA:3788,0
DA:3789,0
DA:3790,0
DA:3791,0
DA:3792,0
DA:3793,0
DA:3794,0
DA:3795,0
DA:3796,0
DA:3797,0
DA:3799,0
DA:3801,9
DA:3802,3
DA:3804,9
DA:3805,0
DA:3808,9
DA:3809,0
DA:3810,0
DA:3811,0
DA:3812,0
DA:3813,0
DA:3814,0
DA:3815,0
DA:3816,0
DA:3817,0
DA:3818,0
DA:3819,0
DA:3820,0
DA:3821,0
DA:3828,0
DA:3829,0
DA:3832,9
DA:3833,3
DA:3834,3
DA:3835,3
DA:3840,9
DA:3841,4
DA:3842,4
DA:3844,9
DA:3845,1
DA:3846,1
DA:3854,9
DA:3855,9
DA:3856,9
DA:3859,9
DA:3860,9
DA:3864,9
DA:3865,0
DA:3866,0
DA:3867,0
DA:3868,0
DA:3869,0
DA:3870,0
DA:3871,0
DA:3872,0
DA:3873,0
DA:3880,9
DA:3881,18
DA:3882,9
DA:3883,9
DA:3884,9
DA:3885,9
DA:3887,0
DA:3888,0
DA:3889,0
DA:3890,0
DA:3891,0
DA:3892,0
DA:3894,0
DA:3895,0
DA:3896,0
DA:3897,0
DA:3898,0
DA:3900,0
DA:3901,0
DA:3902,0
DA:3903,0
DA:3904,0
DA:3905,0
DA:3906,0
DA:3907,0
DA:3908,0
DA:3909,0
DA:3910,0
DA:3911,0
DA:3912,0
DA:3913,0
DA:3914,0
DA:3915,0
DA:3916,0
DA:3919,9
DA:3920,9
DA:3927,9
DA:3928,9
DA:3935,9
DA:3936,0
DA:3937,0
DA:3938,0
DA:3939,0
DA:3940,0
DA:3941,0
DA:3942,0
DA:3943,0
DA:3944,0
DA:3945,0
DA:3946,0
DA:3947,0
DA:3948,0
DA:3951,0
DA:3952,0
DA:3954,0
DA:3955,0
DA:3956,0
DA:3959,0
DA:3960,0
DA:3961,0
DA:3962,0
DA:3963,0
DA:3965,9
DA:3967,0
DA:3968,0
DA:3969,0
DA:3972,0
DA:3973,0
DA:3974,0
DA:3975,0
DA:3976,0
DA:3977,0
DA:3982,9
DA:3983,0
DA:3985,0
DA:3986,0
DA:3987,0
DA:3990,0
DA:3991,0
DA:3992,0
DA:3993,0
DA:3994,0
DA:3995,0
DA:3996,0
DA:4000,9
DA:4001,0
DA:4002,0
DA:4003,0
DA:4004,0
DA:4005,0
DA:4006,0
DA:4007,0
DA:4008,0
DA:4011,0
DA:4012,0
DA:4013,0
DA:4016,0
DA:4017,0
DA:4018,0
DA:4021,0
DA:4022,0
DA:4023,0
DA:4024,0
DA:4025,0
DA:4026,0
DA:4027,0
DA:4040,9
DA:4041,0
DA:4042,0
DA:4043,0
DA:4044,0
DA:4045,0
DA:4046,0
DA:4049,9
DA:4050,9
DA:4051,7
DA:4054,9
DA:4055,12
DA:4056,3
DA:4060,9
DA:4061,3
DA:4062,3
DA:4063,3
DA:4064,0
DA:4065,0
DA:4066,0
DA:4068,3
DA:4069,3
DA:4072,3
DA:4084,3
DA:4085,3
DA:4086,201
DA:4088,198
DA:4089,6
DA:4090,0
DA:4091,0
DA:4092,6
DA:4094,6
DA:4095,6
DA:4096,2
DA:4097,2
DA:4098,2
DA:4099,6
DA:4100,192
DA:4101,0
DA:4102,192
DA:4103,192
DA:4104,192
DA:4105,192
DA:4106,192
DA:4107,186
DA:4108,186
DA:4109,0
DA:4110,0
DA:4111,0
DA:4112,186
DA:4114,186
DA:4115,192
DA:4116,192
DA:4117,3
DA:4118,3
DA:4119,3
DA:4120,3
DA:4127,198
DA:4128,198
DA:4129,198
DA:4130,198
DA:4131,198
DA:4132,198
DA:4133,198
DA:4134,198
DA:4135,0
DA:4136,0
DA:4137,0
DA:4138,0
DA:4139,0
DA:4140,0
DA:4141,0
DA:4145,198
DA:4146,198
DA:4147,198
DA:4148,0
DA:4149,0
DA:4153,198
DA:4154,0
DA:4155,198
DA:4156,0
DA:4157,0
DA:4158,198
DA:4159,3
DA:4162,3
DA:4163,0
DA:4164,0
DA:4165,0
DA:4166,0
DA:4171,3
DA:4172,0
DA:4173,0
DA:4175,0
DA:4176,0
DA:4177,0
DA:4178,0
DA:4179,0
DA:4180,0
DA:4181,0
DA:4182,0
DA:4183,0
DA:4184,0
DA:4185,0
DA:4186,0
DA:4188,0
DA:4189,0
DA:4190,0
DA:4191,0
DA:4192,0
DA:4193,0
DA:4195,0
DA:4197,0
DA:4198,0
DA:4199,0
DA:4200,0
DA:4202,0
DA:4205,0
DA:4206,0
DA:4210,0
DA:4211,0
DA:4212,0
DA:4213,0
DA:4214,0
DA:4215,0
DA:4216,0
DA:4217,0
DA:4218,0
DA:4220,0
DA:4221,0
DA:4222,0
DA:4224,0
DA:4225,0
DA:4226,0
DA:4227,0
DA:4231,3
DA:4232,0
DA:4234,0
DA:4235,0
DA:4236,0
DA:4240,0
DA:4241,0
DA:4242,0
DA:4243,0
DA:4244,0
DA:4245,0
DA:4246,0
DA:4247,0
DA:4248,0
DA:4253,3
DA:4254,0
DA:4255,0
DA:4257,0
DA:4258,0
DA:4259,0
[...]
DA:502,0
DA:505,5
DA:506,5
DA:507,5
DA:508,5
DA:509,0
DA:511,5
DA:512,5
DA:513,5
DA:514,5
DA:515,0
DA:517,5
DA:518,1
DA:519,1
DA:522,1
DA:523,1
DA:525,1
DA:527,0
DA:528,0
DA:529,0
DA:530,0
DA:531,0
DA:532,1
DA:536,5
DA:537,5
DA:538,72
DA:539,918
DA:540,918
DA:543,1
DA:547,990
DA:548,990
DA:549,1
DA:550,1
DA:551,0
DA:552,0
DA:553,0
DA:554,0
DA:555,1
DA:556,989
DA:558,990
DA:561,990
DA:562,5
DA:563,5
DA:564,990
DA:566,104
DA:568,994
DA:569,994
DA:570,994
DA:573,994
DA:575,994
DA:576,82
DA:577,82
DA:578,82
DA:579,82
DA:580,82
DA:584,994
DA:585,159
DA:586,77
DA:587,82
DA:594,0
DA:595,0
DA:597,0
DA:598,0
DA:599,0
DA:600,0
DA:602,0
DA:603,0
DA:604,0
DA:606,0
DA:607,0
DA:609,0
DA:610,0
DA:613,0
DA:615,0
DA:616,0
DA:617,0
DA:618,0
DA:619,0
DA:620,0
DA:621,0
DA:622,0
DA:623,0
DA:624,0
DA:625,0
DA:626,0
DA:627,0
DA:628,0
DA:629,0
DA:630,0
DA:631,0
DA:632,0
DA:633,0
DA:634,0
DA:635,0
DA:636,0
DA:637,0
DA:638,0
DA:639,0
DA:640,0
DA:641,0
DA:643,0
DA:644,0
DA:645,0
DA:646,0
DA:647,0
DA:648,0
DA:649,0
DA:650,0
DA:651,0
DA:652,0
DA:653,0
DA:654,0
DA:655,0
DA:656,0
DA:657,0
DA:658,0
DA:659,0
DA:660,0
DA:661,0
DA:662,0
DA:664,82
DA:666,82
DA:667,0
DA:668,0
DA:669,0
DA:670,0
DA:671,0
DA:673,0
DA:674,0
DA:675,0
DA:676,0
DA:677,0
DA:678,0
DA:679,0
DA:681,0
DA:682,0
DA:683,0
DA:684,0
DA:685,0
DA:686,0
DA:687,0
DA:688,0
DA:689,0
DA:690,0
DA:691,0
DA:692,0
DA:694,0
DA:695,0
DA:696,0
DA:698,0
DA:699,0
DA:700,0
DA:701,0
DA:702,0
DA:703,0
DA:705,0
DA:706,0
DA:707,0
DA:709,0
DA:710,0
DA:711,0
DA:713,0
DA:714,0
DA:715,0
DA:717,0
DA:718,0
DA:720,0
DA:721,0
DA:722,0
DA:723,0
DA:724,0
DA:726,0
DA:727,0
DA:728,0
DA:729,0
DA:730,0
DA:731,0
DA:733,0
DA:734,0
DA:735,0
DA:736,0
DA:737,0
DA:738,0
DA:740,0
DA:741,0
DA:742,0
DA:743,0
DA:744,0
DA:745,0
DA:746,0
DA:748,0
DA:749,0
DA:750,0
DA:751,0
DA:753,0
DA:754,0
DA:755,0
DA:756,0
DA:757,0
DA:758,0
DA:760,0
DA:761,0
DA:762,0
DA:763,0
DA:764,0
DA:765,0
DA:766,0
DA:767,0
DA:768,0
DA:769,0
DA:770,0
DA:772,0
DA:773,0
DA:774,0
DA:775,0
DA:776,0
DA:777,0
DA:778,0
DA:779,0
DA:780,0
DA:781,0
DA:782,0
DA:783,0
DA:784,0
DA:785,0
DA:786,0
DA:787,0
DA:788,82
DA:790,994
DA:793,994
DA:794,994
DA:795,994
DA:796,994
DA:797,994
DA:800,1988
DA:801,994
DA:804,1988
DA:805,994
DA:806,1988
DA:807,994
DA:809,1988
DA:810,994
DA:811,994
DA:812,1988
DA:813,994
DA:814,994
DA:817,1988
DA:818,994
DA:820,994
DA:821,983
DA:822,994
DA:823,4
DA:824,11
DA:825,3
DA:826,7
DA:827,1
DA:828,4
DA:829,2
DA:830,3
DA:831,1
DA:832,1
DA:835,994
DA:836,150
DA:837,150
DA:840,994
DA:846,994
DA:847,994
DA:848,0
DA:849,0
DA:850,0
DA:851,0
DA:852,0
DA:853,0
DA:854,0
DA:855,0
DA:856,0
DA:857,0
DA:858,0
DA:859,0
DA:860,0
DA:867,994
DA:868,10
DA:869,5
DA:870,5
DA:875,0
DA:876,0
DA:877,0
DA:878,0
DA:879,0
DA:880,0
DA:881,0
DA:882,0
DA:883,0
DA:885,0
DA:886,0
DA:887,0
DA:888,0
DA:890,0
DA:891,0
DA:892,0
DA:893,0
DA:894,0
DA:895,0
DA:896,0
DA:897,0
DA:898,0
DA:899,0
DA:900,0
DA:908,5
DA:909,5
DA:910,5
DA:912,5
DA:913,5
DA:914,5
DA:915,0
DA:918,0
DA:919,0
DA:920,0
DA:921,0
DA:922,0
DA:923,0
DA:926,0
DA:927,0
DA:928,0
DA:929,0
DA:930,0
DA:931,0
DA:932,0
DA:933,0
DA:934,0
DA:935,0
DA:936,0
DA:937,0
DA:940,0
DA:941,0
DA:942,0
DA:943,0
DA:944,0
DA:945,5
DA:946,0
DA:947,0
DA:948,5
DA:950,5
DA:953,5
DA:954,5
DA:955,0
DA:956,0
DA:957,0
DA:961,5
DA:962,0
DA:964,0
DA:965,0
DA:966,0
DA:967,0
DA:968,0
DA:969,0
DA:970,0
DA:971,0
DA:972,0
DA:973,0
DA:974,0
DA:975,0
DA:976,0
DA:977,0
DA:978,0
DA:979,0
DA:980,0
DA:981,0
DA:982,0
DA:984,0
DA:986,5
DA:987,994
DA:989,150
DA:996,183
DA:997,33
DA:998,150
DA:1000,0
DA:1001,0
DA:1002,0
DA:1003,0
DA:1004,0
DA:1005,0
DA:1006,0
DA:1012,183
DA:1013,33
DA:1014,150
DA:1015,150
DA:1021,150
DA:1022,0
DA:1023,0
DA:1024,0
DA:1025,0
DA:1026,0
DA:1027,0
DA:1028,0
DA:1029,0
DA:1030,0
DA:1031,0
DA:1032,0
DA:1033,0
DA:1034,0
DA:1035,0
DA:1036,0
DA:1037,0
DA:1038,0
DA:1039,0
DA:1040,0
DA:1042,150
DA:1045,150
DA:1046,0
DA:1047,0
DA:1048,0
DA:1051,19350
DA:1052,19200
DA:1054,19200
DA:1055,19200
DA:1056,19200
DA:1057,19200
DA:1058,19200
DA:1059,19200
DA:1062,19200
DA:1064,19200
DA:1065,19200
DA:1066,19200
DA:1067,19200
DA:1070,19200
DA:1071,3052
DA:1073,16148
DA:1074,0
DA:1076,16148
DA:1077,2
DA:1081,16146
DA:1082,16146
DA:1085,16146
DA:1086,1
DA:1089,16146
DA:1090,16146
DA:1092,16146
DA:1100,16146
DA:1101,16146
DA:1104,16146
DA:1105,16146
DA:1108,16146
DA:1110,8399
DA:1111,8399
DA:1112,1
DA:1114,8399
DA:1115,8399
DA:1116,8399
DA:1117,8399
DA:1118,8399
DA:1120,8399
DA:1121,8399
DA:1122,8399
DA:1123,8
DA:1124,8
DA:1125,8
DA:1126,8
DA:1130,8399
DA:1131,29
DA:1132,29
DA:1135,8399
DA:1136,8399
DA:1139,8399
DA:1140,8399
DA:1141,8399
DA:1143,6
DA:1146,6
DA:1147,6
DA:1148,6
DA:1149,6
DA:1150,6
DA:1151,6
DA:1154,8399
DA:1155,8399
DA:1158,8399
DA:1159,8399
DA:1160,8399
DA:1162,79543
DA:1163,71144
DA:1164,71144
DA:1165,1
DA:1169,71143
DA:1170,71143
DA:1171,71143
DA:1172,64
DA:1173,64
DA:1174,64
DA:1176,71143
DA:1179,88
DA:1180,88
DA:1185,88
DA:1186,88
DA:1189,88
DA:1190,16
DA:1191,72
DA:1193,16
DA:1195,71055
DA:1196,71055
DA:1198,71055
DA:1199,16
DA:1200,71055
DA:1201,16
DA:1203,71055
DA:1207,71071
DA:1208,71071
DA:1209,71071
DA:1210,71071
DA:1212,71071
DA:1214,33376
DA:1215,432
DA:1216,432
DA:1217,432
DA:1218,32944
DA:1221,33376
DA:1222,33376
DA:1224,33376
DA:1225,432
DA:1226,432
DA:1227,1296
DA:1228,864
DA:1229,432
DA:1230,432
DA:1231,432
DA:1232,432
DA:1233,32944
DA:1234,32944
DA:1235,98832
DA:1236,65888
DA:1237,32944
DA:1238,32944
DA:1239,32944
DA:1240,32944
DA:1241,0
DA:1242,0
DA:1243,32944
DA:1244,16472
DA:1246,33376
DA:1248,37695
DA:1249,37695
DA:1251,37695
DA:1255,160
DA:1256,160
DA:1257,37535
DA:1260,37695
DA:1261,37695
DA:1263,37695
DA:1264,160
DA:1265,160
DA:1266,480
DA:1267,320
DA:1268,160
DA:1269,160
DA:1270,160
DA:1271,160
DA:1272,37535
DA:1273,37535
DA:1274,112605
DA:1275,75070
DA:1276,37535
DA:1277,37535
DA:1278,37535
DA:1279,37535
DA:1280,0
DA:1281,0
DA:1282,37535
DA:1283,18779
DA:1286,71071
DA:1287,6666
DA:1288,0
DA:1289,0
DA:1290,0
DA:1291,0
DA:1292,0
DA:1294,6666
DA:1295,0
DA:1296,0
DA:1297,0
DA:1298,0
DA:1299,0
DA:1300,0
DA:1301,0
DA:1302,0
DA:1309,6666
DA:1313,6666
DA:1314,6658
DA:1315,0
DA:1316,0
DA:1317,0
DA:1318,0
DA:1319,0
DA:1320,0
DA:1322,6658
DA:1323,6658
DA:1324,7
DA:1325,7
DA:1326,6651
DA:1329,6658
DA:1330,6658
DA:1331,6658
DA:1332,6658
DA:1334,6658
DA:1335,6658
DA:1336,6658
DA:1338,6658
DA:1339,6658
DA:1340,6658
DA:1341,6658
DA:1342,6658
DA:1344,6658
DA:1346,6658
DA:1347,0
DA:1348,0
DA:1349,0
DA:1350,0
DA:1351,0
DA:1352,0
DA:1353,0
DA:1354,0
DA:1355,0
DA:1356,0
DA:1357,0
DA:1358,0
DA:1359,0
DA:1360,0
DA:1361,0
DA:1362,0
DA:1363,0
DA:1364,0
DA:1365,0
DA:1371,0
DA:1372,0
DA:1373,0
DA:1374,0
DA:1375,0
DA:1376,0
DA:1377,0
DA:1379,0
DA:1380,0
DA:1381,0
DA:1382,0
DA:1384,0
DA:1385,0
DA:1387,0
DA:1388,0
DA:1389,0
DA:1390,0
DA:1392,0
DA:1393,0
DA:1394,0
DA:1395,0
DA:1396,0
DA:1397,0
DA:1398,0
DA:1399,0
DA:1400,0
DA:1401,0
DA:1402,0
DA:1403,0
DA:1404,0
DA:1405,0
DA:1406,0
DA:1407,0
DA:1408,0
DA:1411,0
DA:1412,0
DA:1413,0
DA:1414,0
DA:1415,0
DA:1416,0
DA:1418,0
DA:1419,0
DA:1420,0
DA:1421,0
DA:1422,0
DA:1423,0
DA:1424,0
DA:1425,0
DA:1426,0
DA:1427,0
DA:1428,0
DA:1429,0
DA:1430,0
DA:1431,0
DA:1432,0
DA:1433,0
DA:1434,0
DA:1436,0
DA:1437,0
DA:1438,6658
DA:1439,8
DA:1440,0
DA:1441,0
DA:1442,0
DA:1443,0
DA:1444,0
DA:1445,0
DA:1447,6666
DA:1448,71071
DA:1449,8399
DA:1450,16146
DA:1451,150
DA:1453,3
DA:1455,3
DA:1458,3
DA:1459,3
DA:1461,3
DA:1462,3
DA:1465,3
DA:1466,0
DA:1467,0
DA:1468,0
DA:1469,0
DA:1470,0
DA:1471,3
DA:1472,3
DA:1473,3
DA:1474,0
DA:1476,3
DA:1478,4
DA:1480,4
DA:1483,4
DA:1487,4
DA:1489,4
DA:1490,4
DA:1491,4
DA:1492,4
DA:1497,4
DA:1498,4
DA:1499,4
DA:1500,4
DA:1501,0
DA:1502,0
DA:1506,4
DA:1507,4
DA:1509,4
DA:1510,4
DA:1511,4
DA:1512,4
DA:1513,0
DA:1514,0
DA:1515,0
DA:1516,0
DA:1519,4
DA:1520,4
DA:1521,4
DA:1523,4
DA:1524,4
DA:1526,4
DA:1527,4
DA:1528,4
DA:1533,4
DA:1535,4
DA:1536,964
DA:1538,960
DA:1539,960
DA:1541,1201
DA:1542,480
DA:1544,721
DA:1545,721
DA:1549,721
DA:1550,721
DA:1551,721
DA:1553,721
DA:1554,721
DA:1558,721
DA:1559,721
DA:1561,721
DA:1562,721
DA:1563,721
DA:1565,721
DA:1567,0
DA:1568,0
DA:1569,0
DA:1570,0
DA:1573,0
DA:1574,0
DA:1575,0
DA:1576,0
DA:1578,0
DA:1579,0
DA:1580,0
DA:1582,0
DA:1583,0
DA:1584,0
DA:1585,0
DA:1586,0
DA:1587,0
DA:1588,0
DA:1589,0
DA:1590,721
DA:1593,960
DA:1594,960
DA:1595,960
DA:1596,4
DA:1597,0
DA:1598,0
DA:1600,0
DA:1601,0
DA:1602,0
DA:1603,0
DA:1605,0
DA:1606,0
DA:1607,0
DA:1608,0
DA:1610,0
DA:1611,0
DA:1613,0
DA:1614,0
DA:1615,0
DA:1616,0
DA:1618,0
DA:1619,0
DA:1620,0
DA:1622,0
DA:1623,0
DA:1624,0
DA:1626,0
DA:1627,0
DA:1629,0
DA:1630,0
DA:1631,0
DA:1633,0
DA:1634,0
DA:1635,0
DA:1638,0
DA:1639,0
DA:1640,0
DA:1641,0
DA:1642,0
DA:1644,0
DA:1645,0
DA:1646,0
DA:1648,0
DA:1649,0
DA:1650,0
DA:1651,0
DA:1652,0
DA:1653,0
DA:1654,0
DA:1655,0
DA:1656,0
DA:1657,0
DA:1662,4
DA:1663,4
DA:1664,4
DA:1666,1
DA:1671,1
DA:1673,1
DA:1675,241
DA:1676,240
DA:1677,0
DA:1679,240
DA:1680,240
DA:1682,240
DA:1683,240
DA:1684,240
DA:1686,240
DA:1687,240
DA:1688,240
DA:1689,240
DA:1690,240
DA:1691,240
DA:1692,240
DA:1693,240
DA:1694,240
DA:1695,240
DA:1696,1
DA:1698,2
DA:1704,2
DA:1705,2
DA:1707,2
DA:1709,2
DA:1711,482
DA:1712,480
DA:1713,0
DA:1715,480
DA:1716,480
DA:1720,480
DA:1721,480
DA:1723,480
DA:1724,480
DA:1725,480
DA:1727,480
DA:1728,480
DA:1729,480
DA:1730,480
DA:1731,480
DA:1732,480
DA:1733,480
DA:1734,480
DA:1735,480
DA:1736,480
DA:1737,2
DA:1739,1
DA:1745,1
DA:1746,1
DA:1748,1
DA:1755,1
DA:1756,1
DA:1758,1
DA:1760,1
DA:1761,161
DA:1762,160
DA:1763,0
DA:1765,160
DA:1766,160
DA:1768,160
DA:1769,160
DA:1770,160
DA:1772,160
DA:1773,160
DA:1774,160
DA:1775,160
DA:1776,160
DA:1777,160
DA:1778,160
DA:1779,160
DA:1780,160
DA:1781,160
DA:1782,1
DA:1784,1
DA:1786,4
DA:1792,4
DA:1803,4
DA:1804,4
DA:1805,4
DA:1807,16
DA:1808,12
DA:1809,1
DA:1810,1
DA:1811,1
DA:1812,11
DA:1814,12
DA:1817,16
DA:1818,24
DA:1819,22
DA:1820,12
DA:1821,10
DA:1822,10
DA:1823,10
DA:1824,10
DA:1825,12
DA:1826,12
DA:1829,16
DA:1830,12
DA:1831,1
DA:1832,1
DA:1833,1
DA:1834,0
DA:1836,1
DA:1837,12
DA:1838,4
DA:1840,983
DA:1842,983
DA:1845,983
DA:1847,983
DA:1848,71
DA:1849,71
DA:1850,71
DA:1851,71
DA:1852,71
DA:1853,71
DA:1855,983
DA:1857,0
DA:1858,0
DA:1859,0
DA:1860,0
DA:1861,0
DA:1862,0
DA:1863,0
DA:1879,4915
DA:1880,3932
DA:1881,3932
DA:1882,3932
DA:1883,41
DA:1884,41
DA:1885,41
DA:1886,3891
DA:1888,3932
DA:1893,4915
DA:1894,9830
DA:1895,11678
DA:1896,5780
DA:1897,5898
DA:1898,5898
DA:1899,5898
DA:1900,5898
DA:1901,5898
DA:1902,3932
DA:1905,4915
DA:1906,3932
DA:1907,41
DA:1908,41
DA:1909,3932
DA:1910,983
DA:1912,41
DA:1913,41
DA:1914,41
DA:1917,41
DA:1919,41
DA:1920,38
DA:1922,38
DA:1923,38
DA:1924,38
DA:1930,41
DA:1932,41
DA:1933,41
DA:1935,41
DA:1936,41
DA:1937,41
DA:1938,41
DA:1939,8
DA:1940,8
DA:1941,8
DA:1942,8
DA:1945,41
DA:1947,41
DA:1948,41
DA:1949,41
DA:1957,41
DA:1958,41
DA:1959,41
DA:1961,41
DA:1962,41
DA:1964,41
DA:1965,41
DA:1966,41
DA:1972,41
DA:1973,41
DA:1974,41
DA:1975,41
DA:1983,41
DA:1986,41
DA:1987,0
DA:1988,0
DA:1989,0
DA:1990,41
DA:1991,41
DA:1992,0
DA:1993,0
DA:1995,9881
DA:1998,9840
DA:1999,9840
DA:2000,9840
DA:2001,9840
DA:2002,9840
DA:2010,9840
DA:2011,9840
DA:2014,9840
DA:2015,9840
DA:2018,9840
DA:2019,9840
DA:2022,9840
DA:2023,9840
DA:2025,8880
DA:2027,240
DA:2028,240
DA:2033,240
DA:2034,240
DA:2036,480
DA:2037,480
DA:2042,9840
DA:2043,9840
DA:2044,9840
DA:2046,9840
DA:2049,9840
DA:2050,9840
DA:2052,0
DA:2053,0
DA:2054,0
DA:2055,0
DA:2056,0
DA:2057,0
DA:2058,0
DA:2059,0
DA:2060,0
DA:2066,9871
DA:2067,31
DA:2068,9840
DA:2069,0
DA:2070,0
DA:2071,0
DA:2072,0
DA:2073,0
DA:2075,0
DA:2076,0
DA:2077,0
DA:2079,9840
DA:2080,9840
DA:2081,9840
DA:2093,9871
DA:2094,31
DA:2095,9840
DA:2096,9840
DA:2097,9840
DA:2100,9840
DA:2102,9840
DA:2103,38
DA:2104,38
DA:2105,38
DA:2106,38
DA:2107,38
DA:2108,38
DA:2113,9840
DA:2114,9840
DA:2116,9840
DA:2117,16
DA:2118,9840
DA:2119,16
DA:2121,9840
DA:2122,9840
DA:2123,9840
DA:2130,9840
DA:2133,8880
DA:2134,8880
DA:2135,17760
DA:2136,8880
DA:2146,8880
DA:2147,8880
DA:2148,8880
DA:2149,8880
DA:2150,0
DA:2151,0
DA:2152,8880
DA:2154,8880
DA:2157,960
DA:2162,960
DA:2163,960
DA:2164,960
DA:2167,9840
DA:2168,0
DA:2169,0
DA:2170,0
DA:2171,0
DA:2172,0
DA:2173,0
DA:2174,0
DA:2175,0
DA:2176,0
DA:2177,0
DA:2178,0
DA:2179,0
DA:2180,0
DA:2181,0
DA:2182,0
DA:2184,9840
DA:2186,3004
DA:2187,720
DA:2193,2284
DA:2194,2284
DA:2196,2284
DA:2197,2284
DA:2206,2284
DA:2209,2284
DA:2211,0
DA:2212,0
DA:2213,0
DA:2214,0
DA:2217,0
DA:2218,0
DA:2219,0
DA:2220,0
DA:2221,0
DA:2222,0
DA:2223,0
DA:2224,0
DA:2228,2284
DA:2229,2284
DA:2230,2075
DA:2231,2075
DA:2232,2075
DA:2233,209
DA:2235,2284
DA:2239,2284
DA:2241,2284
DA:2242,0
DA:2243,0
DA:2244,0
DA:2245,0
DA:2246,0
DA:2247,0
DA:2248,0
DA:2252,2284
DA:2253,2284
DA:2254,2284
DA:2256,2284
DA:2257,2284
DA:2258,2284
DA:2259,2284
DA:2260,2284
DA:2261,2284
DA:2262,2284
DA:2263,2284
DA:2264,9120
DA:2265,41
DA:2267,270993
DA:2269,270993
DA:2272,83
DA:2273,83
DA:2274,83
DA:2275,83
DA:2277,81
DA:2278,81
DA:2279,81
DA:2280,81
DA:2281,0
DA:2282,0
DA:2283,0
DA:2286,81
DA:2288,0
DA:2289,0
DA:2290,0
DA:2291,0
DA:2292,0
DA:2293,0
DA:2294,0
DA:2295,0
DA:2296,0
DA:2297,0
DA:2298,81
DA:2299,0
DA:2300,0
DA:2301,0
DA:2302,0
DA:2303,0
DA:2304,0
DA:2305,0
DA:2306,0
DA:2307,0
DA:2308,0
DA:2309,0
DA:2310,81
DA:2311,0
DA:2312,0
DA:2314,0
DA:2315,0
DA:2316,0
DA:2317,0
DA:2318,0
DA:2319,0
DA:2320,0
DA:2321,0
DA:2322,0
DA:2323,0
DA:2324,0
DA:2325,0
DA:2326,0
DA:2327,0
DA:2328,0
DA:2330,0
DA:2331,0
DA:2332,0
DA:2333,0
DA:2334,0
DA:2335,0
DA:2336,0
DA:2337,81
DA:2338,0
DA:2339,0
DA:2341,0
DA:2342,0
DA:2343,0
DA:2344,0
DA:2345,0
DA:2346,0
DA:2347,0
DA:2348,0
DA:2349,0
DA:2350,0
DA:2351,0
DA:2352,0
DA:2353,0
DA:2354,0
DA:2355,0
DA:2357,0
DA:2358,0
DA:2359,0
DA:2360,0
DA:2361,0
DA:2362,0
DA:2363,0
DA:2364,81
DA:2366,0
DA:2367,0
DA:2368,0
DA:2369,0
DA:2370,0
DA:2371,0
DA:2373,0
DA:2374,0
DA:2375,0
DA:2376,0
DA:2378,0
DA:2379,0
DA:2380,0
DA:2384,249110
DA:2385,249110
DA:2386,0
DA:2389,249110
DA:2390,249110
DA:2391,249110
DA:2392,249110
DA:2395,249110
DA:2396,245734
DA:2400,3376
DA:2401,1928
DA:2402,1928
DA:2404,1928
DA:2405,1928
DA:2406,1928
DA:2407,1928
DA:2411,1928
DA:2412,968
DA:2413,968
DA:2415,960
DA:2420,1928
DA:2421,1688
DA:2422,1688
DA:2423,240
DA:2426,1928
DA:2427,1408
DA:2428,1408
DA:2430,520
DA:2433,1968
DA:2434,0
DA:2435,0
DA:2437,0
DA:2438,0
DA:2439,0
DA:2440,0
DA:2443,0
DA:2444,0
DA:2445,0
DA:2446,0
DA:2450,0
DA:2451,0
DA:2452,0
DA:2453,0
DA:2456,0
DA:2457,0
DA:2458,0
DA:2461,0
DA:2464,1968
DA:2465,1448
DA:2466,1448
DA:2467,36
DA:2468,36
DA:2470,1412
DA:2471,1412
DA:2474,1932
DA:2475,1932
DA:2476,249110
DA:2478,994
DA:2479,994
DA:2481,994
DA:2482,994
DA:2483,994
DA:2484,991
DA:2487,3
DA:2488,3
DA:2490,3
DA:2491,3
DA:2492,3
DA:2493,3
DA:2501,387
DA:2502,384
DA:2503,384
DA:2504,384
DA:2505,384
DA:2507,384
DA:2508,384
DA:2509,384
DA:2510,384
DA:2511,0
DA:2512,0
DA:2513,0
DA:2514,0
DA:2516,384
DA:2517,384
DA:2518,382
DA:2521,2
DA:2522,2
DA:2523,0
DA:2525,2
DA:2526,2
DA:2527,2
DA:2528,0
DA:2530,2
DA:2531,2
DA:2533,2
DA:2534,2
DA:2537,2
DA:2538,0
DA:2540,2
DA:2541,2
DA:2543,2
DA:2544,2
DA:2546,2
DA:2547,0
DA:2550,2
DA:2551,2
DA:2552,0
DA:2554,2
DA:2555,2
DA:2557,2
DA:2558,2
DA:2560,0
DA:2561,0
DA:2563,2
DA:2564,2
DA:2566,2
DA:2567,2
DA:2568,0
DA:2569,0
DA:2570,0
DA:2571,0
DA:2572,0
DA:2573,0
DA:2574,0
DA:2576,2
DA:2577,2
DA:2579,18
DA:2580,16
DA:2581,16
DA:2582,0
DA:2584,16
DA:2585,16
DA:2586,16
DA:2587,0
DA:2588,0
DA:2589,0
DA:2592,16
DA:2593,0
DA:2594,0
DA:2595,0
DA:2596,0
DA:2597,0
DA:2598,0
DA:2599,0
DA:2601,0
DA:2602,16
DA:2603,16
DA:2604,16
DA:2605,0
DA:2606,16
DA:2609,16
DA:2610,16
DA:2611,16
DA:2613,16
DA:2615,0
DA:2616,0
DA:2617,0
DA:2618,0
DA:2619,0
DA:2620,0
DA:2623,0
DA:2624,0
DA:2625,0
DA:2626,0
DA:2627,0
DA:2628,0
DA:2629,0
DA:2630,0
DA:2631,0
DA:2632,0
DA:2633,0
DA:2635,0
DA:2636,16
DA:2637,16
DA:2640,16
DA:2641,0
DA:2642,0
DA:2643,16
DA:2646,16
DA:2647,0
DA:2648,0
DA:2649,0
DA:2650,0
DA:2651,48
DA:2652,32
DA:2653,16
DA:2654,16
DA:2655,16
DA:2656,16
DA:2660,16
DA:2661,12
DA:2662,12
DA:2663,16
DA:2664,2
DA:2665,994
DA:2669,249110
DA:2670,249110
DA:2671,249110
DA:2674,994
DA:2675,994
DA:2676,0
DA:2680,994
DA:2681,994
DA:2682,994
DA:2684,994
DA:2687,994
DA:2688,994
DA:2689,994
DA:2690,2
DA:2694,994
DA:2696,0
DA:2697,0
DA:2698,0
DA:2699,0
DA:2700,0
DA:2701,0
DA:2702,0
DA:2703,0
DA:2706,994
DA:2707,994
DA:2708,994
DA:2709,0
DA:2710,994
DA:2711,0
DA:2714,994
DA:2716,994
DA:2718,994
DA:2719,0
DA:2720,0
DA:2721,0
DA:2722,0
DA:2724,6754
DA:2727,5760
DA:2729,3874
DA:2730,2880
DA:2731,0
DA:2732,2880
DA:2733,0
DA:2734,2880
DA:2738,994
DA:2746,994
DA:2754,1042
DA:2755,48
DA:2756,48
DA:2757,48
DA:2758,48
DA:2759,0
DA:2760,48
DA:2761,4
DA:2762,48
DA:2766,239554
DA:2767,238560
DA:2770,238560
DA:2771,1436
DA:2774,237124
DA:2775,237124
DA:2776,237124
DA:2777,237124
DA:2779,237124
DA:2780,237124
DA:2784,237124
DA:2785,0
DA:2786,0
DA:2787,0
DA:2788,0
DA:2789,0
DA:2790,0
DA:2793,237124
DA:2795,237124
DA:2796,237124
DA:2797,237124
DA:2798,237124
DA:2813,237124
DA:2814,12
DA:2815,12
DA:2816,0
DA:2819,12
DA:2820,12
DA:2821,12
DA:2822,12
DA:2824,12
DA:2825,0
DA:2826,0
DA:2827,0
DA:2828,0
DA:2829,0
DA:2831,12
DA:2832,12
DA:2833,12
DA:2834,237124
DA:2835,240
DA:2836,236
DA:2838,4
DA:2839,4
DA:2840,0
DA:2844,4
DA:2845,4
DA:2846,4
DA:2847,4
DA:2849,4
DA:2850,4
DA:2851,4
DA:2852,236876
DA:2853,720
DA:2854,240
DA:2858,480
DA:2859,0
DA:2860,0
DA:2861,0
DA:2862,0
DA:2863,480
DA:2864,480
DA:2865,480
DA:2866,480
DA:2867,0
DA:2868,0
DA:2869,0
DA:2870,236632
DA:2871,720
DA:2872,240
DA:2876,480
DA:2877,480
DA:2878,480
DA:2879,480
DA:2881,236408
DA:2882,236408
DA:2883,994
LF:1897
LH:1067
end_of_record
TN:
SF:/Users/alexwaldmann/Desktop/AIO Server/src/emulator/gba/ROMMetadataAnalyzer.cpp
FNL:0,114,133
FNA:0,17,_ZN3AIO8Emulator3GBA19ROMMetadataAnalyzer24DetectRegionFromGameCodeERKNSt3__112basic_stringIcNS3_11char_traitsIcEENS3_9allocatorIcEEEE
FNL:1,135,148
FNA:1,17,_ZN3AIO8Emulator3GBA19ROMMetadataAnalyzer23InferLanguageFromRegionENS1_6RegionE
FNL:2,151,171
FNA:2,17,_ZN3AIO8Emulator3GBA19ROMMetadataAnalyzer16ExtractGameTitleERKNSt3__16vectorIhNS3_9allocatorIhEEEE
FNL:3,174,206
FNA:3,17,_ZN3AIO8Emulator3GBA19ROMMetadataAnalyzer14DetectSaveTypeERKNSt3__16vectorIhNS3_9allocatorIhEEEE
FNL:4,209,220
FNA:4,17,_ZN3AIO8Emulator3GBA19ROMMetadataAnalyzer19AnalyzeSaveBehaviorERKNSt3__16vectorIhNS3_9allocatorIhEEEE
FNL:5,223,230
FNA:5,83,_ZN3AIO8Emulator3GBA19ROMMetadataAnalyzer8ContainsERKNSt3__16vectorIhNS3_9allocatorIhEEEERKNS3_12basic_stringIcNS3_11char_traitsIcEENS5_IcEEEE
FNL:6,232,238
FNA:6,0,_ZN3AIO8Emulator3GBA19ROMMetadataAnalyzer13ContainsRegexERKNSt3__16vectorIhNS3_9allocatorIhEEEERKNS3_12basic_stringIcNS3_11char_traitsIcEENS5_IcEEEE
FNL:7,8,111
FNA:7,17,_ZN3AIO8Emulator3GBA19ROMMetadataAnalyzer7AnalyzeERKNSt3__16vectorIhNS3_9allocatorIhEEEE
FNF:8
FNH:7
DA:8,17
DA:9,17
DA:10,17
DA:13,17
DA:14,16
DA:15,16
DA:16,16
DA:17,16
DA:20,17
DA:21,17
DA:24,17
DA:25,17
DA:26,17
DA:28,2
DA:29,2
DA:31,5
DA:32,5
DA:34,2
DA:35,2
DA:37,1
DA:38,1
DA:40,7
DA:41,7
DA:43,17
DA:46,17
DA:47,17
DA:48,17
DA:50,7
DA:51,7
DA:53,2
DA:54,2
DA:56,0
DA:57,0
DA:59,0
DA:60,0
DA:62,0
DA:63,0
DA:65,0
DA:66,0
DA:68,0
DA:69,0
DA:71,8
DA:72,8
DA:74,17
DA:77,17
DA:78,17
DA:80,17
DA:81,17
DA:83,17
DA:84,17
DA:86,1
DA:87,1
DA:89,2
DA:90,2
DA:92,1
DA:93,1
DA:95,1
DA:96,1
DA:98,2
DA:99,2
DA:101,10
DA:102,10
DA:104,0
DA:105,0
DA:107,17
DA:109,17
DA:110,17
DA:111,17
DA:114,17
DA:115,17
DA:116,1
DA:119,16
DA:120,16
DA:122,5
DA:125,2
DA:127,2
DA:129,1
DA:131,6
DA:133,17
DA:135,17
DA:136,17
DA:138,2
DA:140,5
DA:142,2
DA:144,1
DA:146,7
DA:148,17
DA:151,17
DA:152,17
DA:153,1
DA:157,16
DA:158,139
DA:159,138
DA:160,138
DA:161,15
DA:162,123
DA:163,123
DA:166,19
DA:167,3
DA:170,16
DA:171,33
DA:174,17
DA:178,17
DA:179,1
DA:180,1
DA:182,16
DA:183,2
DA:184,2
DA:185,2
DA:187,14
DA:188,1
DA:189,1
DA:191,13
DA:192,1
DA:193,1
DA:195,12
DA:196,1
DA:197,1
DA:199,11
DA:200,1
DA:201,1
DA:202,1
DA:205,10
DA:206,17
DA:209,17
DA:220,17
DA:223,83
DA:225,83
DA:226,0
DA:227,166
DA:228,83
DA:229,83
DA:230,83
DA:232,0
DA:235,0
DA:236,0
DA:237,0
DA:238,0
LF:138
LH:120
end_of_record
